{"meta": {"format": 3, "version": "7.14.1", "timestamp": "2026-06-14T11:53:15.246679", "branch_coverage": false, "show_contexts": false}, "files": {"_src/python/eos/__init__.py": {"executed_lines": [27, 28, 29, 33, 34, 35, 39, 40, 41, 43, 44, 45, 46, 47, 48, 49, 50, 51, 52, 53, 54, 55, 57, 58, 59, 60, 61, 62, 63, 64, 65, 66, 68, 69, 70, 72, 73, 75, 84, 90, 91, 93, 94, 96, 97, 99, 100, 102, 103, 105, 106, 108, 109, 111, 112, 114, 115, 116, 117, 118, 120, 122, 124, 125, 126, 127, 133, 135, 136, 137, 140, 144], "summary": {"covered_lines": 72, "num_statements": 99, "percent_covered": 72.72727272727273, "percent_covered_display": "73", "missing_lines": 27, "excluded_lines": 0, "percent_statements_covered": 72.72727272727273, "percent_statements_covered_display": "73"}, "missing_lines": [36, 37, 38, 85, 86, 87, 88, 119, 121, 123, 128, 129, 131, 138, 141, 145, 146, 149, 150, 151, 152, 153, 154, 155, 156, 157, 158], "excluded_lines": [], "functions": {"set_log_level": {"executed_lines": [], "summary": {"covered_lines": 0, "num_statements": 4, "percent_covered": 0.0, "percent_covered_display": "0", "missing_lines": 4, "excluded_lines": 0, "percent_statements_covered": 0.0, "percent_statements_covered_display": "0"}, "missing_lines": [85, 86, 87, 88], "excluded_lines": [], "start_line": 84}, "debug": {"executed_lines": [91], "summary": {"covered_lines": 1, "num_statements": 1, "percent_covered": 100.0, "percent_covered_display": "100", "missing_lines": 0, "excluded_lines": 0, "percent_statements_covered": 100.0, "percent_statements_covered_display": "100"}, "missing_lines": [], "excluded_lines": [], "start_line": 90}, "info": {"executed_lines": [94], "summary": {"covered_lines": 1, "num_statements": 1, "percent_covered": 100.0, "percent_covered_display": "100", "missing_lines": 0, "excluded_lines": 0, "percent_statements_covered": 100.0, "percent_statements_covered_display": "100"}, "missing_lines": [], "excluded_lines": [], "start_line": 93}, "inprogress": {"executed_lines": [97], "summary": {"covered_lines": 1, "num_statements": 1, "percent_covered": 100.0, "percent_covered_display": "100", "missing_lines": 0, "excluded_lines": 0, "percent_statements_covered": 100.0, "percent_statements_covered_display": "100"}, "missing_lines": [], "excluded_lines": [], "start_line": 96}, "completed": {"executed_lines": [100], "summary": {"covered_lines": 1, "num_statements": 1, "percent_covered": 100.0, "percent_covered_display": "100", "missing_lines": 0, "excluded_lines": 0, "percent_statements_covered": 100.0, "percent_statements_covered_display": "100"}, "missing_lines": [], "excluded_lines": [], "start_line": 99}, "success": {"executed_lines": [103], "summary": {"covered_lines": 1, "num_statements": 1, "percent_covered": 100.0, "percent_covered_display": "100", "missing_lines": 0, "excluded_lines": 0, "percent_statements_covered": 100.0, "percent_statements_covered_display": "100"}, "missing_lines": [], "excluded_lines": [], "start_line": 102}, "warn": {"executed_lines": [106], "summary": {"covered_lines": 1, "num_statements": 1, "percent_covered": 100.0, "percent_covered_display": "100", "missing_lines": 0, "excluded_lines": 0, "percent_statements_covered": 100.0, "percent_statements_covered_display": "100"}, "missing_lines": [], "excluded_lines": [], "start_line": 105}, "error": {"executed_lines": [109], "summary": {"covered_lines": 1, "num_statements": 1, "percent_covered": 100.0, "percent_covered_display": "100", "missing_lines": 0, "excluded_lines": 0, "percent_statements_covered": 100.0, "percent_statements_covered_display": "100"}, "missing_lines": [], "excluded_lines": [], "start_line": 108}, "_log_callback": {"executed_lines": [112, 114, 115, 116, 117, 118, 120, 122, 124, 125, 126, 127], "summary": {"covered_lines": 12, "num_statements": 18, "percent_covered": 66.66666666666667, "percent_covered_display": "67", "missing_lines": 6, "excluded_lines": 0, "percent_statements_covered": 66.66666666666667, "percent_statements_covered_display": "67"}, "missing_lines": [119, 121, 123, 128, 129, 131], "excluded_lines": [], "start_line": 111}, "installation_time": {"executed_lines": [], "summary": {"covered_lines": 0, "num_statements": 1, "percent_covered": 0.0, "percent_covered_display": "0", "missing_lines": 1, "excluded_lines": 0, "percent_statements_covered": 0.0, "percent_statements_covered_display": "0"}, "missing_lines": [138], "excluded_lines": [], "start_line": 137}, "installation_dir": {"executed_lines": [], "summary": {"covered_lines": 0, "num_statements": 1, "percent_covered": 0.0, "percent_covered_display": "0", "missing_lines": 1, "excluded_lines": 0, "percent_statements_covered": 0.0, "percent_statements_covered_display": "0"}, "missing_lines": [141], "excluded_lines": [], "start_line": 140}, "": {"executed_lines": [27, 28, 29, 33, 34, 35, 39, 40, 41, 43, 44, 45, 46, 47, 48, 49, 50, 51, 52, 53, 54, 55, 57, 58, 59, 60, 61, 62, 63, 64, 65, 66, 68, 69, 70, 72, 73, 75, 84, 90, 93, 96, 99, 102, 105, 108, 111, 133, 135, 136, 137, 140, 144], "summary": {"covered_lines": 53, "num_statements": 68, "percent_covered": 77.94117647058823, "percent_covered_display": "78", "missing_lines": 15, "excluded_lines": 0, "percent_statements_covered": 77.94117647058823, "percent_statements_covered_display": "78"}, "missing_lines": [36, 37, 38, 145, 146, 149, 150, 151, 152, 153, 154, 155, 156, 157, 158], "excluded_lines": [], "start_line": 1}}, "classes": {"": {"executed_lines": [27, 28, 29, 33, 34, 35, 39, 40, 41, 43, 44, 45, 46, 47, 48, 49, 50, 51, 52, 53, 54, 55, 57, 58, 59, 60, 61, 62, 63, 64, 65, 66, 68, 69, 70, 72, 73, 75, 84, 90, 91, 93, 94, 96, 97, 99, 100, 102, 103, 105, 106, 108, 109, 111, 112, 114, 115, 116, 117, 118, 120, 122, 124, 125, 126, 127, 133, 135, 136, 137, 140, 144], "summary": {"covered_lines": 72, "num_statements": 99, "percent_covered": 72.72727272727273, "percent_covered_display": "73", "missing_lines": 27, "excluded_lines": 0, "percent_statements_covered": 72.72727272727273, "percent_statements_covered_display": "73"}, "missing_lines": [36, 37, 38, 85, 86, 87, 88, 119, 121, 123, 128, 129, 131, 138, 141, 145, 146, 149, 150, 151, 152, 153, 154, 155, 156, 157, 158], "excluded_lines": [], "start_line": 1}}}, "_src/python/eos/analysis.py": {"executed_lines": [21, 22, 23, 25, 29, 30, 31, 34, 47, 69, 71, 73, 75, 77, 79, 80, 81, 82, 83, 84, 85, 86, 87, 89, 91, 92, 93, 94, 99, 100, 101, 102, 103, 105, 106, 110, 111, 114, 118, 119, 122, 125, 128, 129, 130, 132, 133, 134, 136, 137, 183, 184, 186, 187, 219, 220, 222, 223, 225, 226, 230, 233, 234, 240, 241, 244, 250, 251, 252, 253, 254, 255, 257, 258, 259, 260, 261, 262, 266, 268, 269, 270, 271, 272, 275, 277, 278, 279, 280, 281, 284, 285, 303, 304, 308, 310, 313, 315, 317, 318, 319, 321, 322, 324, 325, 328, 331, 336, 342, 347, 363, 365, 366, 368, 369, 371, 372, 376, 378, 380, 383, 384, 385, 388, 395, 401, 403, 405, 406, 408, 411, 420, 422, 423, 431, 440, 443, 462, 486, 487, 491, 492, 493, 497, 498, 499, 501, 504, 505, 508, 509, 514, 517, 518, 519, 520, 521, 522, 523, 524, 525, 528, 529, 530, 531, 532, 533, 534, 535, 536, 539, 540, 541, 543, 544, 545, 559, 613, 614, 618, 619, 620, 625, 626, 627, 629, 632, 633, 636, 639, 640, 641, 642, 645, 646, 647, 648, 650, 655, 656, 657, 661, 667, 669, 670, 671, 674, 675, 678, 680, 683, 684, 685, 688, 690, 691, 692, 698, 699, 700, 702, 705, 714, 715, 717, 718, 726, 733, 736, 762, 763, 765, 768, 769, 770, 773, 776], "summary": {"covered_lines": 237, "num_statements": 394, "percent_covered": 60.15228426395939, "percent_covered_display": "60", "missing_lines": 157, "excluded_lines": 0, "percent_statements_covered": 60.15228426395939, "percent_statements_covered_display": "60"}, "missing_lines": [35, 36, 37, 38, 39, 40, 41, 42, 44, 72, 74, 76, 78, 95, 96, 97, 98, 104, 107, 115, 120, 123, 126, 138, 139, 140, 141, 143, 144, 145, 147, 149, 150, 152, 153, 154, 155, 156, 157, 159, 160, 161, 168, 169, 170, 175, 176, 177, 181, 185, 188, 189, 190, 191, 192, 193, 194, 195, 197, 198, 199, 200, 201, 202, 204, 205, 206, 207, 208, 209, 210, 211, 212, 213, 214, 216, 221, 224, 227, 235, 236, 237, 238, 245, 246, 247, 263, 287, 288, 289, 290, 291, 292, 294, 295, 296, 297, 300, 311, 326, 327, 333, 338, 339, 344, 374, 386, 396, 397, 398, 399, 424, 425, 426, 427, 428, 455, 456, 457, 458, 459, 488, 489, 494, 495, 511, 547, 549, 550, 551, 552, 554, 556, 615, 616, 621, 622, 651, 679, 695, 696, 697, 719, 720, 721, 722, 723, 766, 772, 777, 798, 799, 807, 822, 823, 829, 834], "excluded_lines": [], "functions": {"BestFitPoint.__init__": {"executed_lines": [30, 31], "summary": {"covered_lines": 2, "num_statements": 2, "percent_covered": 100.0, "percent_covered_display": "100", "missing_lines": 0, "excluded_lines": 0, "percent_statements_covered": 100.0, "percent_statements_covered_display": "100"}, "missing_lines": [], "excluded_lines": [], "start_line": 29}, "BestFitPoint._repr_html_": {"executed_lines": [], "summary": {"covered_lines": 0, "num_statements": 9, "percent_covered": 0.0, "percent_covered_display": "0", "missing_lines": 9, "excluded_lines": 0, "percent_statements_covered": 0.0, "percent_statements_covered_display": "0"}, "missing_lines": [35, 36, 37, 38, 39, 40, 41, 42, 44], "excluded_lines": [], "start_line": 34}, "Analysis.__init__": {"executed_lines": [71, 73, 75, 77, 79, 80, 81, 82, 83, 84, 85, 86, 87, 89, 91, 92, 93, 94, 99, 100, 101, 102, 103, 105, 106, 110, 111, 114, 118, 119, 122, 125, 128, 129, 130, 132, 133, 134, 136, 137, 183, 184, 186, 187, 219, 220, 222, 223, 225, 226, 230, 233, 234, 240, 241, 244, 250, 251, 252, 253, 254, 255, 257, 258, 259, 260, 261, 262], "summary": {"covered_lines": 68, "num_statements": 146, "percent_covered": 46.57534246575342, "percent_covered_display": "47", "missing_lines": 78, "excluded_lines": 0, "percent_statements_covered": 46.57534246575342, "percent_statements_covered_display": "47"}, "missing_lines": [72, 74, 76, 78, 95, 96, 97, 98, 104, 107, 115, 120, 123, 126, 138, 139, 140, 141, 143, 144, 145, 147, 149, 150, 152, 153, 154, 155, 156, 157, 159, 160, 161, 168, 169, 170, 175, 176, 177, 181, 185, 188, 189, 190, 191, 192, 193, 194, 195, 197, 198, 199, 200, 201, 202, 204, 205, 206, 207, 208, 209, 210, 211, 212, 213, 214, 216, 221, 224, 227, 235, 236, 237, 238, 245, 246, 247, 263], "excluded_lines": [], "start_line": 69}, "Analysis._u_to_par": {"executed_lines": [268, 269, 270, 271, 272], "summary": {"covered_lines": 5, "num_statements": 5, "percent_covered": 100.0, "percent_covered_display": "100", "missing_lines": 0, "excluded_lines": 0, "percent_statements_covered": 100.0, "percent_statements_covered_display": "100"}, "missing_lines": [], "excluded_lines": [], "start_line": 266}, "Analysis._par_to_u": {"executed_lines": [277, 278, 279, 280, 281], "summary": {"covered_lines": 5, "num_statements": 5, "percent_covered": 100.0, "percent_covered_display": "100", "missing_lines": 0, "excluded_lines": 0, "percent_statements_covered": 100.0, "percent_statements_covered_display": "100"}, "missing_lines": [], "excluded_lines": [], "start_line": 275}, "Analysis._sanitize_manual_input": {"executed_lines": [], "summary": {"covered_lines": 0, "num_statements": 11, "percent_covered": 0.0, "percent_covered_display": "0", "missing_lines": 11, "excluded_lines": 0, "percent_statements_covered": 0.0, "percent_statements_covered_display": "0"}, "missing_lines": [287, 288, 289, 290, 291, 292, 294, 295, 296, 297, 300], "excluded_lines": [], "start_line": 285}, "Analysis._perplexity": {"executed_lines": [308, 310, 313, 315, 317, 318, 319], "summary": {"covered_lines": 7, "num_statements": 8, "percent_covered": 87.5, "percent_covered_display": "88", "missing_lines": 1, "excluded_lines": 0, "percent_statements_covered": 87.5, "percent_statements_covered_display": "88"}, "missing_lines": [311], "excluded_lines": [], "start_line": 304}, "Analysis._ess": {"executed_lines": [324, 325, 328], "summary": {"covered_lines": 3, "num_statements": 5, "percent_covered": 60.0, "percent_covered_display": "60", "missing_lines": 2, "excluded_lines": 0, "percent_statements_covered": 60.0, "percent_statements_covered_display": "60"}, "missing_lines": [326, 327], "excluded_lines": [], "start_line": 322}, "Analysis.clone": {"executed_lines": [], "summary": {"covered_lines": 0, "num_statements": 1, "percent_covered": 0.0, "percent_covered_display": "0", "missing_lines": 1, "excluded_lines": 0, "percent_statements_covered": 0.0, "percent_statements_covered_display": "0"}, "missing_lines": [333], "excluded_lines": [], "start_line": 331}, "Analysis.reset_parameters": {"executed_lines": [], "summary": {"covered_lines": 0, "num_statements": 2, "percent_covered": 0.0, "percent_covered_display": "0", "missing_lines": 2, "excluded_lines": 0, "percent_statements_covered": 0.0, "percent_statements_covered_display": "0"}, "missing_lines": [338, 339], "excluded_lines": [], "start_line": 336}, "Analysis.goodness_of_fit": {"executed_lines": [], "summary": {"covered_lines": 0, "num_statements": 1, "percent_covered": 0.0, "percent_covered_display": "0", "missing_lines": 1, "excluded_lines": 0, "percent_statements_covered": 0.0, "percent_statements_covered_display": "0"}, "missing_lines": [344], "excluded_lines": [], "start_line": 342}, "Analysis.optimize": {"executed_lines": [363, 365, 366, 368, 369, 371, 372, 376, 378, 380, 383, 384, 385, 388, 395, 401, 403, 405, 406, 408], "summary": {"covered_lines": 20, "num_statements": 26, "percent_covered": 76.92307692307692, "percent_covered_display": "77", "missing_lines": 6, "excluded_lines": 0, "percent_statements_covered": 76.92307692307692, "percent_statements_covered_display": "77"}, "missing_lines": [374, 386, 396, 397, 398, 399], "excluded_lines": [], "start_line": 347}, "Analysis.log_pdf": {"executed_lines": [420, 422, 423], "summary": {"covered_lines": 3, "num_statements": 8, "percent_covered": 37.5, "percent_covered_display": "38", "missing_lines": 5, "excluded_lines": 0, "percent_statements_covered": 37.5, "percent_statements_covered_display": "38"}, "missing_lines": [424, 425, 426, 427, 428], "excluded_lines": [], "start_line": 411}, "Analysis.negative_log_pdf": {"executed_lines": [440], "summary": {"covered_lines": 1, "num_statements": 1, "percent_covered": 100.0, "percent_covered_display": "100", "missing_lines": 0, "excluded_lines": 0, "percent_statements_covered": 100.0, "percent_statements_covered_display": "100"}, "missing_lines": [], "excluded_lines": [], "start_line": 431}, "Analysis.sample_prior": {"executed_lines": [], "summary": {"covered_lines": 0, "num_statements": 5, "percent_covered": 0.0, "percent_covered_display": "0", "missing_lines": 5, "excluded_lines": 0, "percent_statements_covered": 0.0, "percent_statements_covered_display": "0"}, "missing_lines": [455, 456, 457, 458, 459], "excluded_lines": [], "start_line": 443}, "Analysis.sample": {"executed_lines": [486, 487, 491, 492, 493, 497, 498, 499, 501, 504, 505, 508, 509, 514, 517, 518, 519, 520, 521, 522, 523, 524, 525, 528, 529, 530, 531, 532, 533, 534, 535, 536, 539, 540, 541, 543, 544, 545], "summary": {"covered_lines": 38, "num_statements": 50, "percent_covered": 76.0, "percent_covered_display": "76", "missing_lines": 12, "excluded_lines": 0, "percent_statements_covered": 76.0, "percent_statements_covered_display": "76"}, "missing_lines": [488, 489, 494, 495, 511, 547, 549, 550, 551, 552, 554, 556], "excluded_lines": [], "start_line": 462}, "Analysis.sample_pmc": {"executed_lines": [613, 614, 618, 619, 620, 625, 626, 627, 629, 632, 633, 636, 639, 640, 641, 642, 645, 646, 647, 648, 650, 655, 656, 657, 661, 667, 669, 670, 671, 674, 675, 678, 680, 683, 684, 685, 688, 690, 691, 692, 698, 699, 700, 702], "summary": {"covered_lines": 44, "num_statements": 53, "percent_covered": 83.01886792452831, "percent_covered_display": "83", "missing_lines": 9, "excluded_lines": 0, "percent_statements_covered": 83.01886792452831, "percent_statements_covered_display": "83"}, "missing_lines": [615, 616, 621, 622, 651, 679, 695, 696, 697], "excluded_lines": [], "start_line": 559}, "Analysis.log_likelihood": {"executed_lines": [714, 715, 717, 718], "summary": {"covered_lines": 4, "num_statements": 9, "percent_covered": 44.44444444444444, "percent_covered_display": "44", "missing_lines": 5, "excluded_lines": 0, "percent_statements_covered": 44.44444444444444, "percent_statements_covered_display": "44"}, "missing_lines": [719, 720, 721, 722, 723], "excluded_lines": [], "start_line": 705}, "Analysis._prior_transform": {"executed_lines": [733], "summary": {"covered_lines": 1, "num_statements": 1, "percent_covered": 100.0, "percent_covered_display": "100", "missing_lines": 0, "excluded_lines": 0, "percent_statements_covered": 100.0, "percent_statements_covered_display": "100"}, "missing_lines": [], "excluded_lines": [], "start_line": 726}, "Analysis.sample_nested": {"executed_lines": [762, 763, 765, 768, 769, 770, 773], "summary": {"covered_lines": 7, "num_statements": 9, "percent_covered": 77.77777777777777, "percent_covered_display": "78", "missing_lines": 2, "excluded_lines": 0, "percent_statements_covered": 77.77777777777777, "percent_statements_covered_display": "78"}, "missing_lines": [766, 772], "excluded_lines": [], "start_line": 736}, "Analysis._repr_html_": {"executed_lines": [], "summary": {"covered_lines": 0, "num_statements": 8, "percent_covered": 0.0, "percent_covered_display": "0", "missing_lines": 8, "excluded_lines": 0, "percent_statements_covered": 0.0, "percent_statements_covered_display": "0"}, "missing_lines": [777, 798, 799, 807, 822, 823, 829, 834], "excluded_lines": [], "start_line": 776}, "": {"executed_lines": [21, 22, 23, 25, 29, 34, 47, 69, 266, 275, 284, 285, 303, 304, 321, 322, 331, 336, 342, 347, 411, 431, 443, 462, 559, 705, 726, 736, 776], "summary": {"covered_lines": 29, "num_statements": 29, "percent_covered": 100.0, "percent_covered_display": "100", "missing_lines": 0, "excluded_lines": 0, "percent_statements_covered": 100.0, "percent_statements_covered_display": "100"}, "missing_lines": [], "excluded_lines": [], "start_line": 1}}, "classes": {"BestFitPoint": {"executed_lines": [30, 31], "summary": {"covered_lines": 2, "num_statements": 11, "percent_covered": 18.181818181818183, "percent_covered_display": "18", "missing_lines": 9, "excluded_lines": 0, "percent_statements_covered": 18.181818181818183, "percent_statements_covered_display": "18"}, "missing_lines": [35, 36, 37, 38, 39, 40, 41, 42, 44], "excluded_lines": [], "start_line": 25}, "Analysis": {"executed_lines": [71, 73, 75, 77, 79, 80, 81, 82, 83, 84, 85, 86, 87, 89, 91, 92, 93, 94, 99, 100, 101, 102, 103, 105, 106, 110, 111, 114, 118, 119, 122, 125, 128, 129, 130, 132, 133, 134, 136, 137, 183, 184, 186, 187, 219, 220, 222, 223, 225, 226, 230, 233, 234, 240, 241, 244, 250, 251, 252, 253, 254, 255, 257, 258, 259, 260, 261, 262, 268, 269, 270, 271, 272, 277, 278, 279, 280, 281, 308, 310, 313, 315, 317, 318, 319, 324, 325, 328, 363, 365, 366, 368, 369, 371, 372, 376, 378, 380, 383, 384, 385, 388, 395, 401, 403, 405, 406, 408, 420, 422, 423, 440, 486, 487, 491, 492, 493, 497, 498, 499, 501, 504, 505, 508, 509, 514, 517, 518, 519, 520, 521, 522, 523, 524, 525, 528, 529, 530, 531, 532, 533, 534, 535, 536, 539, 540, 541, 543, 544, 545, 613, 614, 618, 619, 620, 625, 626, 627, 629, 632, 633, 636, 639, 640, 641, 642, 645, 646, 647, 648, 650, 655, 656, 657, 661, 667, 669, 670, 671, 674, 675, 678, 680, 683, 684, 685, 688, 690, 691, 692, 698, 699, 700, 702, 714, 715, 717, 718, 733, 762, 763, 765, 768, 769, 770, 773], "summary": {"covered_lines": 206, "num_statements": 354, "percent_covered": 58.19209039548023, "percent_covered_display": "58", "missing_lines": 148, "excluded_lines": 0, "percent_statements_covered": 58.19209039548023, "percent_statements_covered_display": "58"}, "missing_lines": [72, 74, 76, 78, 95, 96, 97, 98, 104, 107, 115, 120, 123, 126, 138, 139, 140, 141, 143, 144, 145, 147, 149, 150, 152, 153, 154, 155, 156, 157, 159, 160, 161, 168, 169, 170, 175, 176, 177, 181, 185, 188, 189, 190, 191, 192, 193, 194, 195, 197, 198, 199, 200, 201, 202, 204, 205, 206, 207, 208, 209, 210, 211, 212, 213, 214, 216, 221, 224, 227, 235, 236, 237, 238, 245, 246, 247, 263, 287, 288, 289, 290, 291, 292, 294, 295, 296, 297, 300, 311, 326, 327, 333, 338, 339, 344, 374, 386, 396, 397, 398, 399, 424, 425, 426, 427, 428, 455, 456, 457, 458, 459, 488, 489, 494, 495, 511, 547, 549, 550, 551, 552, 554, 556, 615, 616, 621, 622, 651, 679, 695, 696, 697, 719, 720, 721, 722, 723, 766, 772, 777, 798, 799, 807, 822, 823, 829, 834], "excluded_lines": [], "start_line": 47}, "": {"executed_lines": [21, 22, 23, 25, 29, 34, 47, 69, 266, 275, 284, 285, 303, 304, 321, 322, 331, 336, 342, 347, 411, 431, 443, 462, 559, 705, 726, 736, 776], "summary": {"covered_lines": 29, "num_statements": 29, "percent_covered": 100.0, "percent_covered_display": "100", "missing_lines": 0, "excluded_lines": 0, "percent_statements_covered": 100.0, "percent_statements_covered_display": "100"}, "missing_lines": [], "excluded_lines": [], "start_line": 1}}}, "_src/python/eos/analysis_TEST.py": {"executed_lines": [], "summary": {"covered_lines": 0, "num_statements": 143, "percent_covered": 0.0, "percent_covered_display": "0", "missing_lines": 143, "excluded_lines": 0, "percent_statements_covered": 0.0, "percent_statements_covered_display": "0"}, "missing_lines": [1, 3, 4, 5, 6, 7, 8, 9, 11, 13, 16, 23, 24, 29, 30, 31, 32, 35, 38, 43, 48, 49, 50, 51, 52, 53, 54, 56, 59, 64, 69, 70, 71, 72, 73, 74, 75, 77, 80, 85, 90, 91, 92, 93, 94, 95, 96, 98, 100, 119, 122, 125, 128, 130, 133, 136, 141, 143, 144, 146, 159, 161, 165, 170, 174, 180, 183, 189, 190, 195, 196, 197, 198, 201, 203, 204, 227, 230, 233, 234, 235, 236, 237, 239, 240, 242, 243, 244, 245, 246, 247, 248, 249, 252, 253, 254, 257, 259, 261, 269, 290, 293, 296, 297, 298, 300, 301, 302, 303, 306, 307, 308, 310, 312, 313, 314, 315, 317, 318, 319, 320, 321, 322, 324, 326, 327, 328, 330, 331, 332, 333, 335, 336, 339, 340, 341, 344, 345, 346, 348, 349, 351, 352], "excluded_lines": [], "functions": {"ClassMethodTests.test_priors": {"executed_lines": [], "summary": {"covered_lines": 0, "num_statements": 7, "percent_covered": 0.0, "percent_covered_display": "0", "missing_lines": 7, "excluded_lines": 0, "percent_statements_covered": 0.0, "percent_statements_covered_display": "0"}, "missing_lines": [16, 23, 24, 29, 30, 31, 32], "excluded_lines": [], "start_line": 13}, "ClassMethodTests.test_repeating_priors_parameters": {"executed_lines": [], "summary": {"covered_lines": 0, "num_statements": 9, "percent_covered": 0.0, "percent_covered_display": "0", "missing_lines": 9, "excluded_lines": 0, "percent_statements_covered": 0.0, "percent_statements_covered_display": "0"}, "missing_lines": [38, 43, 48, 49, 50, 51, 52, 53, 54], "excluded_lines": [], "start_line": 35}, "ClassMethodTests.test_repeating_priors_constraints": {"executed_lines": [], "summary": {"covered_lines": 0, "num_statements": 9, "percent_covered": 0.0, "percent_covered_display": "0", "missing_lines": 9, "excluded_lines": 0, "percent_statements_covered": 0.0, "percent_statements_covered_display": "0"}, "missing_lines": [59, 64, 69, 70, 71, 72, 73, 74, 75], "excluded_lines": [], "start_line": 56}, "ClassMethodTests.test_repeating_priors": {"executed_lines": [], "summary": {"covered_lines": 0, "num_statements": 9, "percent_covered": 0.0, "percent_covered_display": "0", "missing_lines": 9, "excluded_lines": 0, "percent_statements_covered": 0.0, "percent_statements_covered_display": "0"}, "missing_lines": [80, 85, 90, 91, 92, 93, 94, 95, 96], "excluded_lines": [], "start_line": 77}, "ClassMethodTests.test_parameter_scaling": {"executed_lines": [], "summary": {"covered_lines": 0, "num_statements": 8, "percent_covered": 0.0, "percent_covered_display": "0", "missing_lines": 8, "excluded_lines": 0, "percent_statements_covered": 0.0, "percent_statements_covered_display": "0"}, "missing_lines": [100, 119, 122, 125, 128, 130, 133, 136], "excluded_lines": [], "start_line": 98}, "ClassMethodTests.test_sanitize_manual_input": {"executed_lines": [], "summary": {"covered_lines": 0, "num_statements": 8, "percent_covered": 0.0, "percent_covered_display": "0", "missing_lines": 8, "excluded_lines": 0, "percent_statements_covered": 0.0, "percent_statements_covered_display": "0"}, "missing_lines": [143, 144, 146, 159, 161, 165, 170, 174], "excluded_lines": [], "start_line": 141}, "ClassMethodTests.test_univariate_priors_with_infinite_support": {"executed_lines": [], "summary": {"covered_lines": 0, "num_statements": 7, "percent_covered": 0.0, "percent_covered_display": "0", "missing_lines": 7, "excluded_lines": 0, "percent_statements_covered": 0.0, "percent_statements_covered_display": "0"}, "missing_lines": [183, 189, 190, 195, 196, 197, 198], "excluded_lines": [], "start_line": 180}, "ClassMethodTests.test_multivariate_priors_1": {"executed_lines": [], "summary": {"covered_lines": 0, "num_statements": 22, "percent_covered": 0.0, "percent_covered_display": "0", "missing_lines": 22, "excluded_lines": 0, "percent_statements_covered": 0.0, "percent_statements_covered_display": "0"}, "missing_lines": [203, 204, 227, 230, 233, 234, 235, 236, 237, 239, 240, 242, 243, 244, 245, 246, 247, 248, 249, 252, 253, 254], "excluded_lines": [], "start_line": 201}, "ClassMethodTests.test_multivariate_priors_2": {"executed_lines": [], "summary": {"covered_lines": 0, "num_statements": 15, "percent_covered": 0.0, "percent_covered_display": "0", "missing_lines": 15, "excluded_lines": 0, "percent_statements_covered": 0.0, "percent_statements_covered_display": "0"}, "missing_lines": [259, 261, 269, 290, 293, 296, 297, 298, 300, 301, 302, 303, 306, 307, 308], "excluded_lines": [], "start_line": 257}, "ClassMethodTests.test_pyhf_likelihood": {"executed_lines": [], "summary": {"covered_lines": 0, "num_statements": 23, "percent_covered": 0.0, "percent_covered_display": "0", "missing_lines": 23, "excluded_lines": 0, "percent_statements_covered": 0.0, "percent_statements_covered_display": "0"}, "missing_lines": [312, 313, 314, 315, 317, 318, 326, 327, 328, 330, 331, 332, 333, 335, 336, 339, 340, 341, 344, 345, 346, 348, 349], "excluded_lines": [], "start_line": 310}, "ClassMethodTests.test_pyhf_likelihood.cd": {"executed_lines": [], "summary": {"covered_lines": 0, "num_statements": 5, "percent_covered": 0.0, "percent_covered_display": "0", "missing_lines": 5, "excluded_lines": 0, "percent_statements_covered": 0.0, "percent_statements_covered_display": "0"}, "missing_lines": [319, 320, 321, 322, 324], "excluded_lines": [], "start_line": 318}, "": {"executed_lines": [], "summary": {"covered_lines": 0, "num_statements": 21, "percent_covered": 0.0, "percent_covered_display": "0", "missing_lines": 21, "excluded_lines": 0, "percent_statements_covered": 0.0, "percent_statements_covered_display": "0"}, "missing_lines": [1, 3, 4, 5, 6, 7, 8, 9, 11, 13, 35, 56, 77, 98, 141, 180, 201, 257, 310, 351, 352], "excluded_lines": [], "start_line": 1}}, "classes": {"ClassMethodTests": {"executed_lines": [], "summary": {"covered_lines": 0, "num_statements": 122, "percent_covered": 0.0, "percent_covered_display": "0", "missing_lines": 122, "excluded_lines": 0, "percent_statements_covered": 0.0, "percent_statements_covered_display": "0"}, "missing_lines": [16, 23, 24, 29, 30, 31, 32, 38, 43, 48, 49, 50, 51, 52, 53, 54, 59, 64, 69, 70, 71, 72, 73, 74, 75, 80, 85, 90, 91, 92, 93, 94, 95, 96, 100, 119, 122, 125, 128, 130, 133, 136, 143, 144, 146, 159, 161, 165, 170, 174, 183, 189, 190, 195, 196, 197, 198, 203, 204, 227, 230, 233, 234, 235, 236, 237, 239, 240, 242, 243, 244, 245, 246, 247, 248, 249, 252, 253, 254, 259, 261, 269, 290, 293, 296, 297, 298, 300, 301, 302, 303, 306, 307, 308, 312, 313, 314, 315, 317, 318, 319, 320, 321, 322, 324, 326, 327, 328, 330, 331, 332, 333, 335, 336, 339, 340, 341, 344, 345, 346, 348, 349], "excluded_lines": [], "start_line": 11}, "": {"executed_lines": [], "summary": {"covered_lines": 0, "num_statements": 21, "percent_covered": 0.0, "percent_covered_display": "0", "missing_lines": 21, "excluded_lines": 0, "percent_statements_covered": 0.0, "percent_statements_covered_display": "0"}, "missing_lines": [1, 3, 4, 5, 6, 7, 8, 9, 11, 13, 35, 56, 77, 98, 141, 180, 201, 257, 310, 351, 352], "excluded_lines": [], "start_line": 1}}}, "_src/python/eos/analysis_file.py": {"executed_lines": [20, 21, 22, 23, 24, 25, 26, 27, 31, 33, 40, 43, 45, 48, 51, 52, 54, 57, 59, 62, 64, 67, 69, 72, 74, 75, 76, 78, 79, 83, 86, 89, 92, 95, 96, 105, 108, 109, 110, 111, 112, 113, 114, 115, 116, 117, 118, 121, 123, 126, 128, 130, 131, 148, 150, 153, 155, 156, 157, 159, 161, 162, 163, 164, 165, 166, 169, 191, 192, 195, 196, 197, 199, 207, 209, 211, 214, 215, 217, 218, 220, 221, 223, 224, 226, 227, 228, 233, 234, 238, 239, 241, 243, 244, 246, 248, 249, 256, 263, 266, 296, 391, 392, 395, 398, 399, 402, 405, 406, 409, 411, 412, 415, 417, 418, 423, 434], "summary": {"covered_lines": 117, "num_statements": 322, "percent_covered": 36.33540372670807, "percent_covered_display": "36", "missing_lines": 205, "excluded_lines": 0, "percent_statements_covered": 36.33540372670807, "percent_statements_covered_display": "36"}, "missing_lines": [46, 49, 55, 60, 65, 70, 77, 80, 84, 90, 98, 99, 100, 101, 102, 103, 106, 119, 120, 124, 127, 133, 134, 135, 137, 138, 139, 140, 141, 142, 143, 144, 145, 151, 170, 171, 172, 175, 176, 178, 179, 180, 181, 184, 189, 210, 212, 229, 230, 231, 232, 235, 257, 258, 259, 260, 261, 268, 269, 271, 273, 274, 276, 277, 279, 280, 281, 282, 284, 291, 292, 293, 298, 300, 301, 302, 303, 304, 305, 306, 308, 309, 310, 311, 312, 313, 314, 315, 316, 317, 318, 319, 320, 322, 323, 324, 325, 326, 327, 328, 330, 331, 332, 333, 334, 335, 336, 337, 338, 339, 340, 341, 342, 344, 345, 347, 348, 349, 351, 352, 353, 355, 356, 357, 358, 359, 361, 362, 363, 364, 365, 366, 367, 368, 372, 373, 374, 375, 377, 378, 379, 380, 381, 382, 384, 385, 386, 387, 388, 421, 426, 435, 449, 450, 464, 465, 466, 467, 468, 477, 488, 489, 497, 498, 504, 522, 523, 524, 525, 526, 527, 548, 549, 566, 567, 568, 569, 570, 590, 591, 609, 610, 611, 631, 632, 650, 651, 652, 676, 677, 696, 697, 715, 721, 722, 728, 732, 733, 750, 751, 766, 767, 773, 778, 782], "excluded_lines": [], "functions": {"AnalysisFile.__init__": {"executed_lines": [43, 45, 48, 51, 52, 54, 57, 59, 62, 64, 67, 69, 72, 74, 75, 76, 78, 79, 83, 86, 89, 92, 95, 96, 105, 108, 109, 110, 111, 112, 113, 114, 115, 116, 117, 118, 121, 123, 126, 128, 130, 131], "summary": {"covered_lines": 42, "num_statements": 75, "percent_covered": 56.0, "percent_covered_display": "56", "missing_lines": 33, "excluded_lines": 0, "percent_statements_covered": 56.0, "percent_statements_covered_display": "56"}, "missing_lines": [46, 49, 55, 60, 65, 70, 77, 80, 84, 90, 98, 99, 100, 101, 102, 103, 106, 119, 120, 124, 127, 133, 134, 135, 137, 138, 139, 140, 141, 142, 143, 144, 145], "excluded_lines": [], "start_line": 40}, "AnalysisFile.analysis": {"executed_lines": [150, 153, 155, 156, 157, 159, 161, 162, 163, 164, 165, 166, 169, 191, 192, 195, 196, 197, 199], "summary": {"covered_lines": 19, "num_statements": 31, "percent_covered": 61.29032258064516, "percent_covered_display": "61", "missing_lines": 12, "excluded_lines": 0, "percent_statements_covered": 61.29032258064516, "percent_statements_covered_display": "61"}, "missing_lines": [151, 170, 171, 172, 175, 176, 178, 179, 180, 181, 184, 189], "excluded_lines": [], "start_line": 148}, "AnalysisFile.observables": {"executed_lines": [209, 211, 214, 215, 217, 218, 220, 221, 223, 224, 226, 227, 228, 233, 234, 238, 239, 241, 243, 244, 246, 248, 249, 256, 263], "summary": {"covered_lines": 25, "num_statements": 37, "percent_covered": 67.56756756756756, "percent_covered_display": "68", "missing_lines": 12, "excluded_lines": 0, "percent_statements_covered": 67.56756756756756, "percent_statements_covered_display": "68"}, "missing_lines": [210, 212, 229, 230, 231, 232, 235, 257, 258, 259, 260, 261], "excluded_lines": [], "start_line": 207}, "AnalysisFile.observable": {"executed_lines": [], "summary": {"covered_lines": 0, "num_statements": 15, "percent_covered": 0.0, "percent_covered_display": "0", "missing_lines": 15, "excluded_lines": 0, "percent_statements_covered": 0.0, "percent_statements_covered_display": "0"}, "missing_lines": [268, 269, 271, 273, 274, 276, 277, 279, 280, 281, 282, 284, 291, 292, 293], "excluded_lines": [], "start_line": 266}, "AnalysisFile.validate": {"executed_lines": [], "summary": {"covered_lines": 0, "num_statements": 77, "percent_covered": 0.0, "percent_covered_display": "0", "missing_lines": 77, "excluded_lines": 0, "percent_statements_covered": 0.0, "percent_statements_covered_display": "0"}, "missing_lines": [298, 300, 301, 302, 303, 304, 305, 306, 308, 309, 310, 311, 312, 313, 314, 315, 316, 317, 318, 319, 320, 322, 323, 324, 325, 326, 327, 328, 330, 331, 332, 333, 334, 335, 336, 337, 338, 339, 340, 341, 342, 344, 345, 347, 348, 349, 351, 352, 353, 355, 356, 357, 358, 359, 361, 362, 363, 364, 365, 366, 367, 368, 372, 373, 374, 375, 377, 378, 379, 380, 381, 382, 384, 385, 386, 387, 388], "excluded_lines": [], "start_line": 296}, "AnalysisFile.priors": {"executed_lines": [395], "summary": {"covered_lines": 1, "num_statements": 1, "percent_covered": 100.0, "percent_covered_display": "100", "missing_lines": 0, "excluded_lines": 0, "percent_statements_covered": 100.0, "percent_statements_covered_display": "100"}, "missing_lines": [], "excluded_lines": [], "start_line": 392}, "AnalysisFile.likelihoods": {"executed_lines": [402], "summary": {"covered_lines": 1, "num_statements": 1, "percent_covered": 100.0, "percent_covered_display": "100", "missing_lines": 0, "excluded_lines": 0, "percent_statements_covered": 100.0, "percent_statements_covered_display": "100"}, "missing_lines": [], "excluded_lines": [], "start_line": 399}, "AnalysisFile.posteriors": {"executed_lines": [409], "summary": {"covered_lines": 1, "num_statements": 1, "percent_covered": 100.0, "percent_covered_display": "100", "missing_lines": 0, "excluded_lines": 0, "percent_statements_covered": 100.0, "percent_statements_covered_display": "100"}, "missing_lines": [], "excluded_lines": [], "start_line": 406}, "AnalysisFile.predictions": {"executed_lines": [415], "summary": {"covered_lines": 1, "num_statements": 1, "percent_covered": 100.0, "percent_covered_display": "100", "missing_lines": 0, "excluded_lines": 0, "percent_statements_covered": 100.0, "percent_statements_covered_display": "100"}, "missing_lines": [], "excluded_lines": [], "start_line": 412}, "AnalysisFile.masks": {"executed_lines": [], "summary": {"covered_lines": 0, "num_statements": 1, "percent_covered": 0.0, "percent_covered_display": "0", "missing_lines": 1, "excluded_lines": 0, "percent_statements_covered": 0.0, "percent_statements_covered_display": "0"}, "missing_lines": [421], "excluded_lines": [], "start_line": 418}, "AnalysisFile.dump": {"executed_lines": [], "summary": {"covered_lines": 0, "num_statements": 1, "percent_covered": 0.0, "percent_covered_display": "0", "missing_lines": 1, "excluded_lines": 0, "percent_statements_covered": 0.0, "percent_statements_covered_display": "0"}, "missing_lines": [426], "excluded_lines": [], "start_line": 423}, "AnalysisFile._repr_html_": {"executed_lines": [], "summary": {"covered_lines": 0, "num_statements": 54, "percent_covered": 0.0, "percent_covered_display": "0", "missing_lines": 54, "excluded_lines": 0, "percent_statements_covered": 0.0, "percent_statements_covered_display": "0"}, "missing_lines": [435, 449, 450, 464, 465, 466, 467, 468, 477, 488, 489, 497, 498, 504, 522, 523, 524, 525, 526, 527, 548, 549, 566, 567, 568, 569, 570, 590, 591, 609, 610, 611, 631, 632, 650, 651, 652, 676, 677, 696, 697, 715, 721, 722, 728, 732, 733, 750, 751, 766, 767, 773, 778, 782], "excluded_lines": [], "start_line": 434}, "": {"executed_lines": [20, 21, 22, 23, 24, 25, 26, 27, 31, 33, 40, 148, 207, 266, 296, 391, 392, 398, 399, 405, 406, 411, 412, 417, 418, 423, 434], "summary": {"covered_lines": 27, "num_statements": 27, "percent_covered": 100.0, "percent_covered_display": "100", "missing_lines": 0, "excluded_lines": 0, "percent_statements_covered": 100.0, "percent_statements_covered_display": "100"}, "missing_lines": [], "excluded_lines": [], "start_line": 1}}, "classes": {"AnalysisFile": {"executed_lines": [43, 45, 48, 51, 52, 54, 57, 59, 62, 64, 67, 69, 72, 74, 75, 76, 78, 79, 83, 86, 89, 92, 95, 96, 105, 108, 109, 110, 111, 112, 113, 114, 115, 116, 117, 118, 121, 123, 126, 128, 130, 131, 150, 153, 155, 156, 157, 159, 161, 162, 163, 164, 165, 166, 169, 191, 192, 195, 196, 197, 199, 209, 211, 214, 215, 217, 218, 220, 221, 223, 224, 226, 227, 228, 233, 234, 238, 239, 241, 243, 244, 246, 248, 249, 256, 263, 395, 402, 409, 415], "summary": {"covered_lines": 90, "num_statements": 295, "percent_covered": 30.508474576271187, "percent_covered_display": "31", "missing_lines": 205, "excluded_lines": 0, "percent_statements_covered": 30.508474576271187, "percent_statements_covered_display": "31"}, "missing_lines": [46, 49, 55, 60, 65, 70, 77, 80, 84, 90, 98, 99, 100, 101, 102, 103, 106, 119, 120, 124, 127, 133, 134, 135, 137, 138, 139, 140, 141, 142, 143, 144, 145, 151, 170, 171, 172, 175, 176, 178, 179, 180, 181, 184, 189, 210, 212, 229, 230, 231, 232, 235, 257, 258, 259, 260, 261, 268, 269, 271, 273, 274, 276, 277, 279, 280, 281, 282, 284, 291, 292, 293, 298, 300, 301, 302, 303, 304, 305, 306, 308, 309, 310, 311, 312, 313, 314, 315, 316, 317, 318, 319, 320, 322, 323, 324, 325, 326, 327, 328, 330, 331, 332, 333, 334, 335, 336, 337, 338, 339, 340, 341, 342, 344, 345, 347, 348, 349, 351, 352, 353, 355, 356, 357, 358, 359, 361, 362, 363, 364, 365, 366, 367, 368, 372, 373, 374, 375, 377, 378, 379, 380, 381, 382, 384, 385, 386, 387, 388, 421, 426, 435, 449, 450, 464, 465, 466, 467, 468, 477, 488, 489, 497, 498, 504, 522, 523, 524, 525, 526, 527, 548, 549, 566, 567, 568, 569, 570, 590, 591, 609, 610, 611, 631, 632, 650, 651, 652, 676, 677, 696, 697, 715, 721, 722, 728, 732, 733, 750, 751, 766, 767, 773, 778, 782], "excluded_lines": [], "start_line": 33}, "": {"executed_lines": [20, 21, 22, 23, 24, 25, 26, 27, 31, 33, 40, 148, 207, 266, 296, 391, 392, 398, 399, 405, 406, 411, 412, 417, 418, 423, 434], "summary": {"covered_lines": 27, "num_statements": 27, "percent_covered": 100.0, "percent_covered_display": "100", "missing_lines": 0, "excluded_lines": 0, "percent_statements_covered": 100.0, "percent_statements_covered_display": "100"}, "missing_lines": [], "excluded_lines": [], "start_line": 1}}}, "_src/python/eos/analysis_file_TEST.py": {"executed_lines": [], "summary": {"covered_lines": 0, "num_statements": 14, "percent_covered": 0.0, "percent_covered_display": "0", "missing_lines": 14, "excluded_lines": 0, "percent_statements_covered": 0.0, "percent_statements_covered_display": "0"}, "missing_lines": [1, 3, 4, 5, 6, 8, 10, 12, 13, 15, 17, 18, 21, 22], "excluded_lines": [], "functions": {"TestAnalysisFile.test_analysis_file": {"executed_lines": [], "summary": {"covered_lines": 0, "num_statements": 2, "percent_covered": 0.0, "percent_covered_display": "0", "missing_lines": 2, "excluded_lines": 0, "percent_statements_covered": 0.0, "percent_statements_covered_display": "0"}, "missing_lines": [12, 13], "excluded_lines": [], "start_line": 10}, "TestAnalysisFile.test_minimal_analysis_file": {"executed_lines": [], "summary": {"covered_lines": 0, "num_statements": 2, "percent_covered": 0.0, "percent_covered_display": "0", "missing_lines": 2, "excluded_lines": 0, "percent_statements_covered": 0.0, "percent_statements_covered_display": "0"}, "missing_lines": [17, 18], "excluded_lines": [], "start_line": 15}, "": {"executed_lines": [], "summary": {"covered_lines": 0, "num_statements": 10, "percent_covered": 0.0, "percent_covered_display": "0", "missing_lines": 10, "excluded_lines": 0, "percent_statements_covered": 0.0, "percent_statements_covered_display": "0"}, "missing_lines": [1, 3, 4, 5, 6, 8, 10, 15, 21, 22], "excluded_lines": [], "start_line": 1}}, "classes": {"TestAnalysisFile": {"executed_lines": [], "summary": {"covered_lines": 0, "num_statements": 4, "percent_covered": 0.0, "percent_covered_display": "0", "missing_lines": 4, "excluded_lines": 0, "percent_statements_covered": 0.0, "percent_statements_covered_display": "0"}, "missing_lines": [12, 13, 17, 18], "excluded_lines": [], "start_line": 8}, "": {"executed_lines": [], "summary": {"covered_lines": 0, "num_statements": 10, "percent_covered": 0.0, "percent_covered_display": "0", "missing_lines": 10, "excluded_lines": 0, "percent_statements_covered": 0.0, "percent_statements_covered_display": "0"}, "missing_lines": [1, 3, 4, 5, 6, 8, 10, 15, 21, 22], "excluded_lines": [], "start_line": 1}}}, "_src/python/eos/analysis_file_description.py": {"executed_lines": [1, 2, 3, 4, 5, 6, 7, 9, 10, 14, 16, 17, 20, 23, 24, 27, 28, 30, 31, 34, 35, 36, 37, 38, 40, 41, 48, 49, 50, 51, 53, 54, 55, 56, 57, 74, 75, 78, 80, 81, 87, 89, 90, 94, 97, 98, 104, 106, 107, 111, 113, 114, 117, 118, 124, 126, 127, 131, 132, 133, 134, 138, 139, 140, 141, 142, 146, 147, 150, 151, 155, 156, 158, 160, 161, 163, 164, 165, 167, 168, 169, 171, 172, 173, 174, 176, 178, 182, 183, 187, 188, 192, 193, 198, 202, 203, 205, 206, 208, 209, 212, 213, 215, 216, 217, 218, 219, 223, 224, 231, 236, 306, 307, 309, 311, 312, 314, 316, 321, 324, 325, 327, 328, 329, 331, 334, 337, 338, 341, 342, 346, 347, 349, 350, 352, 354, 356, 358, 359, 360, 361, 362, 363, 367, 368, 371, 372, 373, 381, 382, 386, 387, 390, 391, 394, 395, 398, 400, 404, 405], "summary": {"covered_lines": 160, "num_statements": 203, "percent_covered": 78.81773399014779, "percent_covered_display": "79", "missing_lines": 43, "excluded_lines": 0, "percent_statements_covered": 78.81773399014779, "percent_statements_covered_display": "79"}, "missing_lines": [18, 21, 42, 43, 44, 45, 52, 58, 59, 60, 61, 62, 63, 64, 65, 66, 67, 68, 69, 70, 72, 135, 136, 137, 170, 175, 177, 313, 332, 335, 351, 353, 355, 374, 375, 376, 377, 379, 401, 402, 406, 407, 408], "excluded_lines": [], "functions": {"AnalysisFileContext.__post_init__": {"executed_lines": [17, 20], "summary": {"covered_lines": 2, "num_statements": 4, "percent_covered": 50.0, "percent_covered_display": "50", "missing_lines": 2, "excluded_lines": 0, "percent_statements_covered": 50.0, "percent_statements_covered_display": "50"}, "missing_lines": [18, 21], "excluded_lines": [], "start_line": 16}, "AnalysisFileContext.data_path": {"executed_lines": [24], "summary": {"covered_lines": 1, "num_statements": 1, "percent_covered": 100.0, "percent_covered_display": "100", "missing_lines": 0, "excluded_lines": 0, "percent_statements_covered": 100.0, "percent_statements_covered_display": "100"}, "missing_lines": [], "excluded_lines": [], "start_line": 23}, "MetadataDescription.from_dict": {"executed_lines": [], "summary": {"covered_lines": 0, "num_statements": 4, "percent_covered": 0.0, "percent_covered_display": "0", "missing_lines": 4, "excluded_lines": 0, "percent_statements_covered": 0.0, "percent_statements_covered_display": "0"}, "missing_lines": [42, 43, 44, 45], "excluded_lines": [], "start_line": 41}, "PriorDescription.from_dict": {"executed_lines": [51, 53, 54, 55, 56, 57], "summary": {"covered_lines": 6, "num_statements": 21, "percent_covered": 28.571428571428573, "percent_covered_display": "29", "missing_lines": 15, "excluded_lines": 0, "percent_statements_covered": 28.571428571428573, "percent_statements_covered_display": "29"}, "missing_lines": [52, 58, 59, 60, 61, 62, 63, 64, 65, 66, 67, 68, 69, 70, 72], "excluded_lines": [], "start_line": 50}, "PriorComponent.from_dict": {"executed_lines": [133, 134, 138, 139, 140, 141, 142], "summary": {"covered_lines": 7, "num_statements": 10, "percent_covered": 70.0, "percent_covered_display": "70", "missing_lines": 3, "excluded_lines": 0, "percent_statements_covered": 70.0, "percent_statements_covered_display": "70"}, "missing_lines": [135, 136, 137], "excluded_lines": [], "start_line": 132}, "LikelihoodComponent.from_dict": {"executed_lines": [169, 171, 172, 173, 174, 176, 178], "summary": {"covered_lines": 7, "num_statements": 10, "percent_covered": 70.0, "percent_covered_display": "70", "missing_lines": 3, "excluded_lines": 0, "percent_statements_covered": 70.0, "percent_statements_covered_display": "70"}, "missing_lines": [170, 175, 177], "excluded_lines": [], "start_line": 168}, "PredictionDescription.from_dict": {"executed_lines": [217, 218, 219], "summary": {"covered_lines": 3, "num_statements": 3, "percent_covered": 100.0, "percent_covered_display": "100", "missing_lines": 0, "excluded_lines": 0, "percent_statements_covered": 100.0, "percent_statements_covered_display": "100"}, "missing_lines": [], "excluded_lines": [], "start_line": 216}, "TaskComponent.__post_init__": {"executed_lines": [312, 314, 316, 321, 324, 325, 327, 328, 329, 331, 334, 337, 338], "summary": {"covered_lines": 13, "num_statements": 16, "percent_covered": 81.25, "percent_covered_display": "81", "missing_lines": 3, "excluded_lines": 0, "percent_statements_covered": 81.25, "percent_statements_covered_display": "81"}, "missing_lines": [313, 332, 335], "excluded_lines": [], "start_line": 311}, "StepComponent.__post_init__": {"executed_lines": [350, 352, 354, 356], "summary": {"covered_lines": 4, "num_statements": 7, "percent_covered": 57.142857142857146, "percent_covered_display": "57", "missing_lines": 3, "excluded_lines": 0, "percent_statements_covered": 57.142857142857146, "percent_statements_covered_display": "57"}, "missing_lines": [351, 353, 355], "excluded_lines": [], "start_line": 349}, "StepComponent.from_dict": {"executed_lines": [360, 361, 362, 363, 367, 368], "summary": {"covered_lines": 6, "num_statements": 6, "percent_covered": 100.0, "percent_covered_display": "100", "missing_lines": 0, "excluded_lines": 0, "percent_statements_covered": 100.0, "percent_statements_covered_display": "100"}, "missing_lines": [], "excluded_lines": [], "start_line": 359}, "MaskDescription.from_dict": {"executed_lines": [], "summary": {"covered_lines": 0, "num_statements": 5, "percent_covered": 0.0, "percent_covered_display": "0", "missing_lines": 5, "excluded_lines": 0, "percent_statements_covered": 0.0, "percent_statements_covered_display": "0"}, "missing_lines": [374, 375, 376, 377, 379], "excluded_lines": [], "start_line": 373}, "MaskComponent.__post_init__": {"executed_lines": [], "summary": {"covered_lines": 0, "num_statements": 2, "percent_covered": 0.0, "percent_covered_display": "0", "missing_lines": 2, "excluded_lines": 0, "percent_statements_covered": 0.0, "percent_statements_covered_display": "0"}, "missing_lines": [401, 402], "excluded_lines": [], "start_line": 400}, "MaskComponent.from_dict": {"executed_lines": [], "summary": {"covered_lines": 0, "num_statements": 3, "percent_covered": 0.0, "percent_covered_display": "0", "missing_lines": 3, "excluded_lines": 0, "percent_statements_covered": 0.0, "percent_statements_covered_display": "0"}, "missing_lines": [406, 407, 408], "excluded_lines": [], "start_line": 405}, "": {"executed_lines": [1, 2, 3, 4, 5, 6, 7, 9, 10, 14, 16, 23, 27, 28, 30, 31, 34, 35, 36, 37, 38, 40, 41, 48, 49, 50, 74, 75, 78, 80, 81, 87, 89, 90, 94, 97, 98, 104, 106, 107, 111, 113, 114, 117, 118, 124, 126, 127, 131, 132, 146, 147, 150, 151, 155, 156, 158, 160, 161, 163, 164, 165, 167, 168, 182, 183, 187, 188, 192, 193, 198, 202, 203, 205, 206, 208, 209, 212, 213, 215, 216, 223, 224, 231, 236, 306, 307, 309, 311, 341, 342, 346, 347, 349, 358, 359, 371, 372, 373, 381, 382, 386, 387, 390, 391, 394, 395, 398, 400, 404, 405], "summary": {"covered_lines": 111, "num_statements": 111, "percent_covered": 100.0, "percent_covered_display": "100", "missing_lines": 0, "excluded_lines": 0, "percent_statements_covered": 100.0, "percent_statements_covered_display": "100"}, "missing_lines": [], "excluded_lines": [], "start_line": 1}}, "classes": {"AnalysisFileContext": {"executed_lines": [17, 20, 24], "summary": {"covered_lines": 3, "num_statements": 5, "percent_covered": 60.0, "percent_covered_display": "60", "missing_lines": 2, "excluded_lines": 0, "percent_statements_covered": 60.0, "percent_statements_covered_display": "60"}, "missing_lines": [18, 21], "excluded_lines": [], "start_line": 10}, "MetadataAuthorDescription": {"executed_lines": [], "summary": {"covered_lines": 0, "num_statements": 0, "percent_covered": 100.0, "percent_covered_display": "100", "missing_lines": 0, "excluded_lines": 0, "percent_statements_covered": 100.0, "percent_statements_covered_display": "100"}, "missing_lines": [], "excluded_lines": [], "start_line": 28}, "MetadataDescription": {"executed_lines": [], "summary": {"covered_lines": 0, "num_statements": 4, "percent_covered": 0.0, "percent_covered_display": "0", "missing_lines": 4, "excluded_lines": 0, "percent_statements_covered": 0.0, "percent_statements_covered_display": "0"}, "missing_lines": [42, 43, 44, 45], "excluded_lines": [], "start_line": 35}, "PriorDescription": {"executed_lines": [51, 53, 54, 55, 56, 57], "summary": {"covered_lines": 6, "num_statements": 21, "percent_covered": 28.571428571428573, "percent_covered_display": "29", "missing_lines": 15, "excluded_lines": 0, "percent_statements_covered": 28.571428571428573, "percent_statements_covered_display": "29"}, "missing_lines": [52, 58, 59, 60, 61, 62, 63, 64, 65, 66, 67, 68, 69, 70, 72], "excluded_lines": [], "start_line": 48}, "PoissonPriorDescription": {"executed_lines": [], "summary": {"covered_lines": 0, "num_statements": 0, "percent_covered": 100.0, "percent_covered_display": "100", "missing_lines": 0, "excluded_lines": 0, "percent_statements_covered": 100.0, "percent_statements_covered_display": "100"}, "missing_lines": [], "excluded_lines": [], "start_line": 75}, "CurtailedGaussianDescription": {"executed_lines": [], "summary": {"covered_lines": 0, "num_statements": 0, "percent_covered": 100.0, "percent_covered_display": "100", "missing_lines": 0, "excluded_lines": 0, "percent_statements_covered": 100.0, "percent_statements_covered_display": "100"}, "missing_lines": [], "excluded_lines": [], "start_line": 81}, "GaussianPriorDescription": {"executed_lines": [], "summary": {"covered_lines": 0, "num_statements": 0, "percent_covered": 100.0, "percent_covered_display": "100", "missing_lines": 0, "excluded_lines": 0, "percent_statements_covered": 100.0, "percent_statements_covered_display": "100"}, "missing_lines": [], "excluded_lines": [], "start_line": 90}, "ScalePriorDescription": {"executed_lines": [], "summary": {"covered_lines": 0, "num_statements": 0, "percent_covered": 100.0, "percent_covered_display": "100", "missing_lines": 0, "excluded_lines": 0, "percent_statements_covered": 100.0, "percent_statements_covered_display": "100"}, "missing_lines": [], "excluded_lines": [], "start_line": 98}, "UniformPriorDescription": {"executed_lines": [], "summary": {"covered_lines": 0, "num_statements": 0, "percent_covered": 100.0, "percent_covered_display": "100", "missing_lines": 0, "excluded_lines": 0, "percent_statements_covered": 100.0, "percent_statements_covered_display": "100"}, "missing_lines": [], "excluded_lines": [], "start_line": 107}, "ConstraintPriorDescription": {"executed_lines": [], "summary": {"covered_lines": 0, "num_statements": 0, "percent_covered": 100.0, "percent_covered_display": "100", "missing_lines": 0, "excluded_lines": 0, "percent_statements_covered": 100.0, "percent_statements_covered_display": "100"}, "missing_lines": [], "excluded_lines": [], "start_line": 114}, "TransformPriorDescription": {"executed_lines": [], "summary": {"covered_lines": 0, "num_statements": 0, "percent_covered": 100.0, "percent_covered_display": "100", "missing_lines": 0, "excluded_lines": 0, "percent_statements_covered": 100.0, "percent_statements_covered_display": "100"}, "missing_lines": [], "excluded_lines": [], "start_line": 118}, "PriorComponent": {"executed_lines": [133, 134, 138, 139, 140, 141, 142], "summary": {"covered_lines": 7, "num_statements": 10, "percent_covered": 70.0, "percent_covered_display": "70", "missing_lines": 3, "excluded_lines": 0, "percent_statements_covered": 70.0, "percent_statements_covered_display": "70"}, "missing_lines": [135, 136, 137], "excluded_lines": [], "start_line": 127}, "ConstraintLikelihoodDescription": {"executed_lines": [], "summary": {"covered_lines": 0, "num_statements": 0, "percent_covered": 100.0, "percent_covered_display": "100", "missing_lines": 0, "excluded_lines": 0, "percent_statements_covered": 100.0, "percent_statements_covered_display": "100"}, "missing_lines": [], "excluded_lines": [], "start_line": 147}, "ManualConstraintDescription": {"executed_lines": [], "summary": {"covered_lines": 0, "num_statements": 0, "percent_covered": 100.0, "percent_covered_display": "100", "missing_lines": 0, "excluded_lines": 0, "percent_statements_covered": 100.0, "percent_statements_covered_display": "100"}, "missing_lines": [], "excluded_lines": [], "start_line": 151}, "PyHFConstraintDescription": {"executed_lines": [], "summary": {"covered_lines": 0, "num_statements": 0, "percent_covered": 100.0, "percent_covered_display": "100", "missing_lines": 0, "excluded_lines": 0, "percent_statements_covered": 100.0, "percent_statements_covered_display": "100"}, "missing_lines": [], "excluded_lines": [], "start_line": 156}, "LikelihoodComponent": {"executed_lines": [169, 171, 172, 173, 174, 176, 178], "summary": {"covered_lines": 7, "num_statements": 10, "percent_covered": 70.0, "percent_covered_display": "70", "missing_lines": 3, "excluded_lines": 0, "percent_statements_covered": 70.0, "percent_statements_covered_display": "70"}, "missing_lines": [170, 175, 177], "excluded_lines": [], "start_line": 161}, "PosteriorDescription": {"executed_lines": [], "summary": {"covered_lines": 0, "num_statements": 0, "percent_covered": 100.0, "percent_covered_display": "100", "missing_lines": 0, "excluded_lines": 0, "percent_statements_covered": 100.0, "percent_statements_covered_display": "100"}, "missing_lines": [], "excluded_lines": [], "start_line": 183}, "ObservableComponent": {"executed_lines": [], "summary": {"covered_lines": 0, "num_statements": 0, "percent_covered": 100.0, "percent_covered_display": "100", "missing_lines": 0, "excluded_lines": 0, "percent_statements_covered": 100.0, "percent_statements_covered_display": "100"}, "missing_lines": [], "excluded_lines": [], "start_line": 193}, "PredictionObservableComponent": {"executed_lines": [], "summary": {"covered_lines": 0, "num_statements": 0, "percent_covered": 100.0, "percent_covered_display": "100", "missing_lines": 0, "excluded_lines": 0, "percent_statements_covered": 100.0, "percent_statements_covered_display": "100"}, "missing_lines": [], "excluded_lines": [], "start_line": 203}, "PredictionDescription": {"executed_lines": [217, 218, 219], "summary": {"covered_lines": 3, "num_statements": 3, "percent_covered": 100.0, "percent_covered_display": "100", "missing_lines": 0, "excluded_lines": 0, "percent_statements_covered": 100.0, "percent_statements_covered_display": "100"}, "missing_lines": [], "excluded_lines": [], "start_line": 209}, "ParameterComponent": {"executed_lines": [], "summary": {"covered_lines": 0, "num_statements": 0, "percent_covered": 100.0, "percent_covered_display": "100", "missing_lines": 0, "excluded_lines": 0, "percent_statements_covered": 100.0, "percent_statements_covered_display": "100"}, "missing_lines": [], "excluded_lines": [], "start_line": 224}, "TaskComponent": {"executed_lines": [312, 314, 316, 321, 324, 325, 327, 328, 329, 331, 334, 337, 338], "summary": {"covered_lines": 13, "num_statements": 16, "percent_covered": 81.25, "percent_covered_display": "81", "missing_lines": 3, "excluded_lines": 0, "percent_statements_covered": 81.25, "percent_statements_covered_display": "81"}, "missing_lines": [313, 332, 335], "excluded_lines": [], "start_line": 307}, "StepComponent": {"executed_lines": [350, 352, 354, 356, 360, 361, 362, 363, 367, 368], "summary": {"covered_lines": 10, "num_statements": 13, "percent_covered": 76.92307692307692, "percent_covered_display": "77", "missing_lines": 3, "excluded_lines": 0, "percent_statements_covered": 76.92307692307692, "percent_statements_covered_display": "77"}, "missing_lines": [351, 353, 355], "excluded_lines": [], "start_line": 342}, "MaskDescription": {"executed_lines": [], "summary": {"covered_lines": 0, "num_statements": 5, "percent_covered": 0.0, "percent_covered_display": "0", "missing_lines": 5, "excluded_lines": 0, "percent_statements_covered": 0.0, "percent_statements_covered_display": "0"}, "missing_lines": [374, 375, 376, 377, 379], "excluded_lines": [], "start_line": 371}, "MaskExpressionComponent": {"executed_lines": [], "summary": {"covered_lines": 0, "num_statements": 0, "percent_covered": 100.0, "percent_covered_display": "100", "missing_lines": 0, "excluded_lines": 0, "percent_statements_covered": 100.0, "percent_statements_covered_display": "100"}, "missing_lines": [], "excluded_lines": [], "start_line": 382}, "MaskObservableComponent": {"executed_lines": [], "summary": {"covered_lines": 0, "num_statements": 0, "percent_covered": 100.0, "percent_covered_display": "100", "missing_lines": 0, "excluded_lines": 0, "percent_statements_covered": 100.0, "percent_statements_covered_display": "100"}, "missing_lines": [], "excluded_lines": [], "start_line": 387}, "MaskNamedComponent": {"executed_lines": [], "summary": {"covered_lines": 0, "num_statements": 0, "percent_covered": 100.0, "percent_covered_display": "100", "missing_lines": 0, "excluded_lines": 0, "percent_statements_covered": 100.0, "percent_statements_covered_display": "100"}, "missing_lines": [], "excluded_lines": [], "start_line": 391}, "MaskComponent": {"executed_lines": [], "summary": {"covered_lines": 0, "num_statements": 5, "percent_covered": 0.0, "percent_covered_display": "0", "missing_lines": 5, "excluded_lines": 0, "percent_statements_covered": 0.0, "percent_statements_covered_display": "0"}, "missing_lines": [401, 402, 406, 407, 408], "excluded_lines": [], "start_line": 395}, "": {"executed_lines": [1, 2, 3, 4, 5, 6, 7, 9, 10, 14, 16, 23, 27, 28, 30, 31, 34, 35, 36, 37, 38, 40, 41, 48, 49, 50, 74, 75, 78, 80, 81, 87, 89, 90, 94, 97, 98, 104, 106, 107, 111, 113, 114, 117, 118, 124, 126, 127, 131, 132, 146, 147, 150, 151, 155, 156, 158, 160, 161, 163, 164, 165, 167, 168, 182, 183, 187, 188, 192, 193, 198, 202, 203, 205, 206, 208, 209, 212, 213, 215, 216, 223, 224, 231, 236, 306, 307, 309, 311, 341, 342, 346, 347, 349, 358, 359, 371, 372, 373, 381, 382, 386, 387, 390, 391, 394, 395, 398, 400, 404, 405], "summary": {"covered_lines": 111, "num_statements": 111, "percent_covered": 100.0, "percent_covered_display": "100", "missing_lines": 0, "excluded_lines": 0, "percent_statements_covered": 100.0, "percent_statements_covered_display": "100"}, "missing_lines": [], "excluded_lines": [], "start_line": 1}}}, "_src/python/eos/config.py": {"executed_lines": [], "summary": {"covered_lines": 0, "num_statements": 0, "percent_covered": 100.0, "percent_covered_display": "100", "missing_lines": 0, "excluded_lines": 0, "percent_statements_covered": 100.0, "percent_statements_covered_display": "100"}, "missing_lines": [], "excluded_lines": [], "functions": {"": {"executed_lines": [], "summary": {"covered_lines": 0, "num_statements": 0, "percent_covered": 100.0, "percent_covered_display": "100", "missing_lines": 0, "excluded_lines": 0, "percent_statements_covered": 100.0, "percent_statements_covered_display": "100"}, "missing_lines": [], "excluded_lines": [], "start_line": 1}}, "classes": {"": {"executed_lines": [], "summary": {"covered_lines": 0, "num_statements": 0, "percent_covered": 100.0, "percent_covered_display": "100", "missing_lines": 0, "excluded_lines": 0, "percent_statements_covered": 100.0, "percent_statements_covered_display": "100"}, "missing_lines": [], "excluded_lines": [], "start_line": 1}}}, "_src/python/eos/constraint.py": {"executed_lines": [18, 20, 21, 27, 39], "summary": {"covered_lines": 5, "num_statements": 37, "percent_covered": 13.513513513513514, "percent_covered_display": "14", "missing_lines": 32, "excluded_lines": 0, "percent_statements_covered": 13.513513513513514, "percent_statements_covered_display": "14"}, "missing_lines": [22, 23, 24, 25, 28, 29, 31, 32, 34, 35, 37, 40, 72, 73, 74, 75, 76, 78, 79, 83, 84, 87, 88, 89, 90, 91, 92, 93, 94, 96, 103, 107], "excluded_lines": [], "functions": {"Constraints.__init__": {"executed_lines": [], "summary": {"covered_lines": 0, "num_statements": 4, "percent_covered": 0.0, "percent_covered_display": "0", "missing_lines": 4, "excluded_lines": 0, "percent_statements_covered": 0.0, "percent_statements_covered_display": "0"}, "missing_lines": [22, 23, 24, 25], "excluded_lines": [], "start_line": 21}, "Constraints.filter_entry": {"executed_lines": [], "summary": {"covered_lines": 0, "num_statements": 7, "percent_covered": 0.0, "percent_covered_display": "0", "missing_lines": 7, "excluded_lines": 0, "percent_statements_covered": 0.0, "percent_statements_covered_display": "0"}, "missing_lines": [28, 29, 31, 32, 34, 35, 37], "excluded_lines": [], "start_line": 27}, "Constraints._repr_html_": {"executed_lines": [], "summary": {"covered_lines": 0, "num_statements": 21, "percent_covered": 0.0, "percent_covered_display": "0", "missing_lines": 21, "excluded_lines": 0, "percent_statements_covered": 0.0, "percent_statements_covered_display": "0"}, "missing_lines": [40, 72, 73, 74, 75, 76, 78, 79, 83, 84, 87, 88, 89, 90, 91, 92, 93, 94, 96, 103, 107], "excluded_lines": [], "start_line": 39}, "": {"executed_lines": [18, 20, 21, 27, 39], "summary": {"covered_lines": 5, "num_statements": 5, "percent_covered": 100.0, "percent_covered_display": "100", "missing_lines": 0, "excluded_lines": 0, "percent_statements_covered": 100.0, "percent_statements_covered_display": "100"}, "missing_lines": [], "excluded_lines": [], "start_line": 1}}, "classes": {"Constraints": {"executed_lines": [], "summary": {"covered_lines": 0, "num_statements": 32, "percent_covered": 0.0, "percent_covered_display": "0", "missing_lines": 32, "excluded_lines": 0, "percent_statements_covered": 0.0, "percent_statements_covered_display": "0"}, "missing_lines": [22, 23, 24, 25, 28, 29, 31, 32, 34, 35, 37, 40, 72, 73, 74, 75, 76, 78, 79, 83, 84, 87, 88, 89, 90, 91, 92, 93, 94, 96, 103, 107], "excluded_lines": [], "start_line": 20}, "": {"executed_lines": [18, 20, 21, 27, 39], "summary": {"covered_lines": 5, "num_statements": 5, "percent_covered": 100.0, "percent_covered_display": "100", "missing_lines": 0, "excluded_lines": 0, "percent_statements_covered": 100.0, "percent_statements_covered_display": "100"}, "missing_lines": [], "excluded_lines": [], "start_line": 1}}}, "_src/python/eos/data/__init__.py": {"executed_lines": [19, 20, 21, 22, 23, 24, 25, 26, 27], "summary": {"covered_lines": 9, "num_statements": 9, "percent_covered": 100.0, "percent_covered_display": "100", "missing_lines": 0, "excluded_lines": 0, "percent_statements_covered": 100.0, "percent_statements_covered_display": "100"}, "missing_lines": [], "excluded_lines": [], "functions": {"": {"executed_lines": [19, 20, 21, 22, 23, 24, 25, 26, 27], "summary": {"covered_lines": 9, "num_statements": 9, "percent_covered": 100.0, "percent_covered_display": "100", "missing_lines": 0, "excluded_lines": 0, "percent_statements_covered": 100.0, "percent_statements_covered_display": "100"}, "missing_lines": [], "excluded_lines": [], "start_line": 1}}, "classes": {"": {"executed_lines": [19, 20, 21, 22, 23, 24, 25, 26, 27], "summary": {"covered_lines": 9, "num_statements": 9, "percent_covered": 100.0, "percent_covered_display": "100", "missing_lines": 0, "excluded_lines": 0, "percent_statements_covered": 100.0, "percent_statements_covered_display": "100"}, "missing_lines": [], "excluded_lines": [], "start_line": 1}}}, "_src/python/eos/data/dynesty_results.py": {"executed_lines": [16, 17, 18, 19, 20, 23, 24, 59, 60, 70, 71, 72, 73, 79, 80, 81, 83, 84], "summary": {"covered_lines": 18, "num_statements": 39, "percent_covered": 46.15384615384615, "percent_covered_display": "46", "missing_lines": 21, "excluded_lines": 0, "percent_statements_covered": 46.15384615384615, "percent_statements_covered_display": "46"}, "missing_lines": [30, 31, 33, 34, 35, 37, 38, 40, 41, 43, 44, 45, 47, 48, 49, 51, 52, 53, 54, 55, 56], "excluded_lines": [], "functions": {"DynestyResults.__init__": {"executed_lines": [], "summary": {"covered_lines": 0, "num_statements": 21, "percent_covered": 0.0, "percent_covered_display": "0", "missing_lines": 21, "excluded_lines": 0, "percent_statements_covered": 0.0, "percent_statements_covered_display": "0"}, "missing_lines": [30, 31, 33, 34, 35, 37, 38, 40, 41, 43, 44, 45, 47, 48, 49, 51, 52, 53, 54, 55, 56], "excluded_lines": [], "start_line": 24}, "DynestyResults.create": {"executed_lines": [70, 71, 72, 73, 79, 80, 81, 83, 84], "summary": {"covered_lines": 9, "num_statements": 9, "percent_covered": 100.0, "percent_covered_display": "100", "missing_lines": 0, "excluded_lines": 0, "percent_statements_covered": 100.0, "percent_statements_covered_display": "100"}, "missing_lines": [], "excluded_lines": [], "start_line": 60}, "": {"executed_lines": [16, 17, 18, 19, 20, 23, 24, 59, 60], "summary": {"covered_lines": 9, "num_statements": 9, "percent_covered": 100.0, "percent_covered_display": "100", "missing_lines": 0, "excluded_lines": 0, "percent_statements_covered": 100.0, "percent_statements_covered_display": "100"}, "missing_lines": [], "excluded_lines": [], "start_line": 1}}, "classes": {"DynestyResults": {"executed_lines": [70, 71, 72, 73, 79, 80, 81, 83, 84], "summary": {"covered_lines": 9, "num_statements": 30, "percent_covered": 30.0, "percent_covered_display": "30", "missing_lines": 21, "excluded_lines": 0, "percent_statements_covered": 30.0, "percent_statements_covered_display": "30"}, "missing_lines": [30, 31, 33, 34, 35, 37, 38, 40, 41, 43, 44, 45, 47, 48, 49, 51, 52, 53, 54, 55, 56], "excluded_lines": [], "start_line": 23}, "": {"executed_lines": [16, 17, 18, 19, 20, 23, 24, 59, 60], "summary": {"covered_lines": 9, "num_statements": 9, "percent_covered": 100.0, "percent_covered_display": "100", "missing_lines": 0, "excluded_lines": 0, "percent_statements_covered": 100.0, "percent_statements_covered_display": "100"}, "missing_lines": [], "excluded_lines": [], "start_line": 1}}}, "_src/python/eos/data/importance_samples.py": {"executed_lines": [17, 18, 19, 20, 23, 24, 30, 33, 34, 37, 38, 40, 43, 44, 45, 47, 48, 50, 52, 53, 55, 57, 58, 61, 64, 65, 77, 78, 79, 80, 86, 89, 92, 95, 96, 97, 98, 99, 100, 101], "summary": {"covered_lines": 40, "num_statements": 49, "percent_covered": 81.63265306122449, "percent_covered_display": "82", "missing_lines": 9, "excluded_lines": 0, "percent_statements_covered": 81.63265306122449, "percent_statements_covered_display": "82"}, "missing_lines": [31, 35, 41, 49, 54, 59, 87, 90, 93], "excluded_lines": [], "functions": {"ImportanceSamples.__init__": {"executed_lines": [30, 33, 34, 37, 38, 40, 43, 44, 45, 47, 48, 50, 52, 53, 55, 57, 58, 61], "summary": {"covered_lines": 18, "num_statements": 24, "percent_covered": 75.0, "percent_covered_display": "75", "missing_lines": 6, "excluded_lines": 0, "percent_statements_covered": 75.0, "percent_statements_covered_display": "75"}, "missing_lines": [31, 35, 41, 49, 54, 59], "excluded_lines": [], "start_line": 24}, "ImportanceSamples.create": {"executed_lines": [77, 78, 79, 80, 86, 89, 92, 95, 96, 97, 98, 99, 100, 101], "summary": {"covered_lines": 14, "num_statements": 17, "percent_covered": 82.3529411764706, "percent_covered_display": "82", "missing_lines": 3, "excluded_lines": 0, "percent_statements_covered": 82.3529411764706, "percent_statements_covered_display": "82"}, "missing_lines": [87, 90, 93], "excluded_lines": [], "start_line": 65}, "": {"executed_lines": [17, 18, 19, 20, 23, 24, 64, 65], "summary": {"covered_lines": 8, "num_statements": 8, "percent_covered": 100.0, "percent_covered_display": "100", "missing_lines": 0, "excluded_lines": 0, "percent_statements_covered": 100.0, "percent_statements_covered_display": "100"}, "missing_lines": [], "excluded_lines": [], "start_line": 1}}, "classes": {"ImportanceSamples": {"executed_lines": [30, 33, 34, 37, 38, 40, 43, 44, 45, 47, 48, 50, 52, 53, 55, 57, 58, 61, 77, 78, 79, 80, 86, 89, 92, 95, 96, 97, 98, 99, 100, 101], "summary": {"covered_lines": 32, "num_statements": 41, "percent_covered": 78.04878048780488, "percent_covered_display": "78", "missing_lines": 9, "excluded_lines": 0, "percent_statements_covered": 78.04878048780488, "percent_statements_covered_display": "78"}, "missing_lines": [31, 35, 41, 49, 54, 59, 87, 90, 93], "excluded_lines": [], "start_line": 23}, "": {"executed_lines": [17, 18, 19, 20, 23, 24, 64, 65], "summary": {"covered_lines": 8, "num_statements": 8, "percent_covered": 100.0, "percent_covered_display": "100", "missing_lines": 0, "excluded_lines": 0, "percent_statements_covered": 100.0, "percent_statements_covered_display": "100"}, "missing_lines": [], "excluded_lines": [], "start_line": 1}}}, "_src/python/eos/data/importance_samples_TEST.py": {"executed_lines": [], "summary": {"covered_lines": 0, "num_statements": 8, "percent_covered": 0.0, "percent_covered_display": "0", "missing_lines": 8, "excluded_lines": 0, "percent_statements_covered": 0.0, "percent_statements_covered_display": "0"}, "missing_lines": [1, 3, 4, 7, 9, 12, 15, 16], "excluded_lines": [], "functions": {"ImportanceSamplesTests.test_importing_samples": {"executed_lines": [], "summary": {"covered_lines": 0, "num_statements": 1, "percent_covered": 0.0, "percent_covered_display": "0", "missing_lines": 1, "excluded_lines": 0, "percent_statements_covered": 0.0, "percent_statements_covered_display": "0"}, "missing_lines": [12], "excluded_lines": [], "start_line": 9}, "": {"executed_lines": [], "summary": {"covered_lines": 0, "num_statements": 7, "percent_covered": 0.0, "percent_covered_display": "0", "missing_lines": 7, "excluded_lines": 0, "percent_statements_covered": 0.0, "percent_statements_covered_display": "0"}, "missing_lines": [1, 3, 4, 7, 9, 15, 16], "excluded_lines": [], "start_line": 1}}, "classes": {"ImportanceSamplesTests": {"executed_lines": [], "summary": {"covered_lines": 0, "num_statements": 1, "percent_covered": 0.0, "percent_covered_display": "0", "missing_lines": 1, "excluded_lines": 0, "percent_statements_covered": 0.0, "percent_statements_covered_display": "0"}, "missing_lines": [12], "excluded_lines": [], "start_line": 7}, "": {"executed_lines": [], "summary": {"covered_lines": 0, "num_statements": 7, "percent_covered": 0.0, "percent_covered_display": "0", "missing_lines": 7, "excluded_lines": 0, "percent_statements_covered": 0.0, "percent_statements_covered_display": "0"}, "missing_lines": [1, 3, 4, 7, 9, 15, 16], "excluded_lines": [], "start_line": 1}}}, "_src/python/eos/data/markov_chain.py": {"executed_lines": [17, 18, 19, 20, 23, 24, 30, 33, 34, 37, 38, 40, 43, 44, 45, 47, 48, 50, 52, 53, 55, 57, 58, 59, 61, 66, 67, 81, 82, 83, 84, 89, 91, 94, 97, 100, 101, 102, 103, 104, 106, 107], "summary": {"covered_lines": 42, "num_statements": 52, "percent_covered": 80.76923076923077, "percent_covered_display": "81", "missing_lines": 10, "excluded_lines": 0, "percent_statements_covered": 80.76923076923077, "percent_statements_covered_display": "81"}, "missing_lines": [31, 35, 41, 49, 54, 60, 63, 92, 95, 98], "excluded_lines": [], "functions": {"MarkovChain.__init__": {"executed_lines": [30, 33, 34, 37, 38, 40, 43, 44, 45, 47, 48, 50, 52, 53, 55, 57, 58, 59, 61], "summary": {"covered_lines": 19, "num_statements": 26, "percent_covered": 73.07692307692308, "percent_covered_display": "73", "missing_lines": 7, "excluded_lines": 0, "percent_statements_covered": 73.07692307692308, "percent_statements_covered_display": "73"}, "missing_lines": [31, 35, 41, 49, 54, 60, 63], "excluded_lines": [], "start_line": 24}, "MarkovChain.create": {"executed_lines": [81, 82, 83, 84, 89, 91, 94, 97, 100, 101, 102, 103, 104, 106, 107], "summary": {"covered_lines": 15, "num_statements": 18, "percent_covered": 83.33333333333333, "percent_covered_display": "83", "missing_lines": 3, "excluded_lines": 0, "percent_statements_covered": 83.33333333333333, "percent_statements_covered_display": "83"}, "missing_lines": [92, 95, 98], "excluded_lines": [], "start_line": 67}, "": {"executed_lines": [17, 18, 19, 20, 23, 24, 66, 67], "summary": {"covered_lines": 8, "num_statements": 8, "percent_covered": 100.0, "percent_covered_display": "100", "missing_lines": 0, "excluded_lines": 0, "percent_statements_covered": 100.0, "percent_statements_covered_display": "100"}, "missing_lines": [], "excluded_lines": [], "start_line": 1}}, "classes": {"MarkovChain": {"executed_lines": [30, 33, 34, 37, 38, 40, 43, 44, 45, 47, 48, 50, 52, 53, 55, 57, 58, 59, 61, 81, 82, 83, 84, 89, 91, 94, 97, 100, 101, 102, 103, 104, 106, 107], "summary": {"covered_lines": 34, "num_statements": 44, "percent_covered": 77.27272727272727, "percent_covered_display": "77", "missing_lines": 10, "excluded_lines": 0, "percent_statements_covered": 77.27272727272727, "percent_statements_covered_display": "77"}, "missing_lines": [31, 35, 41, 49, 54, 60, 63, 92, 95, 98], "excluded_lines": [], "start_line": 23}, "": {"executed_lines": [17, 18, 19, 20, 23, 24, 66, 67], "summary": {"covered_lines": 8, "num_statements": 8, "percent_covered": 100.0, "percent_covered_display": "100", "missing_lines": 0, "excluded_lines": 0, "percent_statements_covered": 100.0, "percent_statements_covered_display": "100"}, "missing_lines": [], "excluded_lines": [], "start_line": 1}}}, "_src/python/eos/data/mixture_density.py": {"executed_lines": [17, 18, 19, 20, 21, 22, 25, 26, 32, 35, 37, 38, 42, 45, 46, 48, 51, 52, 53, 54, 55, 57, 59, 60, 63, 64, 67, 68, 85, 86, 89, 90, 91, 92, 93, 94, 95, 102, 103, 107, 108, 123, 124, 125, 127, 128, 159, 160], "summary": {"covered_lines": 48, "num_statements": 89, "percent_covered": 53.93258426966292, "percent_covered_display": "54", "missing_lines": 41, "excluded_lines": 0, "percent_statements_covered": 53.93258426966292, "percent_statements_covered_display": "54"}, "missing_lines": [33, 36, 40, 43, 49, 61, 62, 87, 88, 101, 104, 109, 110, 111, 112, 113, 114, 115, 116, 118, 139, 140, 141, 142, 143, 144, 145, 146, 147, 148, 149, 150, 151, 152, 154, 156, 157, 170, 171, 172, 174], "excluded_lines": [], "functions": {"MixtureDensity.__init__": {"executed_lines": [32, 35, 37, 38, 42, 45, 46, 48, 51, 52, 53, 54, 55], "summary": {"covered_lines": 13, "num_statements": 18, "percent_covered": 72.22222222222223, "percent_covered_display": "72", "missing_lines": 5, "excluded_lines": 0, "percent_statements_covered": 72.22222222222223, "percent_statements_covered_display": "72"}, "missing_lines": [33, 36, 40, 43, 49], "excluded_lines": [], "start_line": 26}, "MixtureDensity.density": {"executed_lines": [59, 60, 63, 64], "summary": {"covered_lines": 4, "num_statements": 6, "percent_covered": 66.66666666666667, "percent_covered_display": "67", "missing_lines": 2, "excluded_lines": 0, "percent_statements_covered": 66.66666666666667, "percent_statements_covered_display": "67"}, "missing_lines": [61, 62], "excluded_lines": [], "start_line": 57}, "MixtureDensity.create": {"executed_lines": [85, 86, 89, 90, 91, 92, 93, 94, 95, 102, 103, 107, 108, 123, 124, 125], "summary": {"covered_lines": 16, "num_statements": 29, "percent_covered": 55.172413793103445, "percent_covered_display": "55", "missing_lines": 13, "excluded_lines": 0, "percent_statements_covered": 55.172413793103445, "percent_statements_covered_display": "55"}, "missing_lines": [87, 88, 101, 104, 109, 110, 111, 112, 113, 114, 115, 116, 118], "excluded_lines": [], "start_line": 68}, "MixtureDensity._cartesian_product": {"executed_lines": [], "summary": {"covered_lines": 0, "num_statements": 17, "percent_covered": 0.0, "percent_covered_display": "0", "missing_lines": 17, "excluded_lines": 0, "percent_statements_covered": 0.0, "percent_statements_covered_display": "0"}, "missing_lines": [139, 140, 141, 142, 143, 144, 145, 146, 147, 148, 149, 150, 151, 152, 154, 156, 157], "excluded_lines": [], "start_line": 128}, "MixtureDensity.cartesian_product": {"executed_lines": [], "summary": {"covered_lines": 0, "num_statements": 4, "percent_covered": 0.0, "percent_covered_display": "0", "missing_lines": 4, "excluded_lines": 0, "percent_statements_covered": 0.0, "percent_statements_covered_display": "0"}, "missing_lines": [170, 171, 172, 174], "excluded_lines": [], "start_line": 160}, "": {"executed_lines": [17, 18, 19, 20, 21, 22, 25, 26, 57, 67, 68, 127, 128, 159, 160], "summary": {"covered_lines": 15, "num_statements": 15, "percent_covered": 100.0, "percent_covered_display": "100", "missing_lines": 0, "excluded_lines": 0, "percent_statements_covered": 100.0, "percent_statements_covered_display": "100"}, "missing_lines": [], "excluded_lines": [], "start_line": 1}}, "classes": {"MixtureDensity": {"executed_lines": [32, 35, 37, 38, 42, 45, 46, 48, 51, 52, 53, 54, 55, 59, 60, 63, 64, 85, 86, 89, 90, 91, 92, 93, 94, 95, 102, 103, 107, 108, 123, 124, 125], "summary": {"covered_lines": 33, "num_statements": 74, "percent_covered": 44.5945945945946, "percent_covered_display": "45", "missing_lines": 41, "excluded_lines": 0, "percent_statements_covered": 44.5945945945946, "percent_statements_covered_display": "45"}, "missing_lines": [33, 36, 40, 43, 49, 61, 62, 87, 88, 101, 104, 109, 110, 111, 112, 113, 114, 115, 116, 118, 139, 140, 141, 142, 143, 144, 145, 146, 147, 148, 149, 150, 151, 152, 154, 156, 157, 170, 171, 172, 174], "excluded_lines": [], "start_line": 25}, "": {"executed_lines": [17, 18, 19, 20, 21, 22, 25, 26, 57, 67, 68, 127, 128, 159, 160], "summary": {"covered_lines": 15, "num_statements": 15, "percent_covered": 100.0, "percent_covered_display": "100", "missing_lines": 0, "excluded_lines": 0, "percent_statements_covered": 100.0, "percent_statements_covered_display": "100"}, "missing_lines": [], "excluded_lines": [], "start_line": 1}}}, "_src/python/eos/data/mode.py": {"executed_lines": [19, 20, 21, 24, 25, 56, 57, 75, 76, 77, 78, 83, 84, 85, 86, 87, 89, 90, 91], "summary": {"covered_lines": 19, "num_statements": 39, "percent_covered": 48.717948717948715, "percent_covered_display": "49", "missing_lines": 20, "excluded_lines": 0, "percent_statements_covered": 48.717948717948715, "percent_statements_covered_display": "49"}, "missing_lines": [31, 32, 34, 35, 36, 38, 39, 41, 42, 44, 45, 46, 47, 48, 49, 50, 51, 52, 53, 54], "excluded_lines": [], "functions": {"Mode.__init__": {"executed_lines": [], "summary": {"covered_lines": 0, "num_statements": 20, "percent_covered": 0.0, "percent_covered_display": "0", "missing_lines": 20, "excluded_lines": 0, "percent_statements_covered": 0.0, "percent_statements_covered_display": "0"}, "missing_lines": [31, 32, 34, 35, 36, 38, 39, 41, 42, 44, 45, 46, 47, 48, 49, 50, 51, 52, 53, 54], "excluded_lines": [], "start_line": 25}, "Mode.create": {"executed_lines": [75, 76, 77, 78, 83, 84, 85, 86, 87, 89, 90, 91], "summary": {"covered_lines": 12, "num_statements": 12, "percent_covered": 100.0, "percent_covered_display": "100", "missing_lines": 0, "excluded_lines": 0, "percent_statements_covered": 100.0, "percent_statements_covered_display": "100"}, "missing_lines": [], "excluded_lines": [], "start_line": 57}, "": {"executed_lines": [19, 20, 21, 24, 25, 56, 57], "summary": {"covered_lines": 7, "num_statements": 7, "percent_covered": 100.0, "percent_covered_display": "100", "missing_lines": 0, "excluded_lines": 0, "percent_statements_covered": 100.0, "percent_statements_covered_display": "100"}, "missing_lines": [], "excluded_lines": [], "start_line": 1}}, "classes": {"Mode": {"executed_lines": [75, 76, 77, 78, 83, 84, 85, 86, 87, 89, 90, 91], "summary": {"covered_lines": 12, "num_statements": 32, "percent_covered": 37.5, "percent_covered_display": "38", "missing_lines": 20, "excluded_lines":
[...]
ent_statements_covered_display": "49"}, "missing_lines": [67, 68, 69, 70, 71, 72, 92, 98, 99, 100, 101, 102, 103, 108, 120, 155, 158, 161, 164, 167, 170, 173, 176, 179, 180, 191, 192, 194, 195, 196, 198, 199, 200, 201, 202, 203, 204, 205, 206, 207, 208, 209, 211, 212, 213, 215, 216, 217, 218, 219, 220, 221, 222, 223, 224, 226, 227, 228, 232, 273, 316, 317, 318, 319, 342, 343, 344, 345, 346, 347, 348, 349, 402, 403, 404, 405, 406, 462, 463, 464, 465, 466, 468, 476, 477, 517, 519, 527, 528, 540, 541, 542, 545, 546, 551, 552, 582, 583, 587, 588, 653, 654, 656, 657, 658, 659, 661, 664, 665, 666, 667, 668, 669, 670, 671, 673, 674, 675, 676, 678, 679, 699, 701, 703, 705, 706, 707, 709, 711, 712, 713, 715, 721, 722, 734, 735, 737, 738, 739, 741, 743, 745, 747, 760, 781, 784, 789, 826, 828, 830, 831, 832, 833, 836, 837, 838, 839, 841, 842, 843, 844, 845, 847, 849, 850, 851, 854, 857, 858, 859, 861, 862, 863, 864, 866, 868, 870, 871, 873, 874, 875, 876, 877, 878, 879, 881, 883, 884, 886, 887, 889, 892, 893, 895, 896, 897, 898, 899, 900, 901, 902, 904, 906, 907, 908, 909, 910, 911, 912, 913, 924, 928, 929, 930, 931, 932, 934, 935, 936, 937, 938, 939, 940, 941, 942, 943, 944, 945, 946, 951, 952, 953, 954, 956, 957, 958, 959, 960, 961, 963, 964, 965, 966, 967, 968, 969, 970, 971, 972, 973, 974, 985, 996, 1009, 1011, 1012, 1014], "excluded_lines": [], "functions": {"LogfileHandler.__init__": {"executed_lines": [39, 40, 41, 42, 43, 44, 45], "summary": {"covered_lines": 7, "num_statements": 7, "percent_covered": 100.0, "percent_covered_display": "100", "missing_lines": 0, "excluded_lines": 0, "percent_statements_covered": 100.0, "percent_statements_covered_display": "100"}, "missing_lines": [], "excluded_lines": [], "start_line": 38}, "LogfileHandler.__enter__": {"executed_lines": [48], "summary": {"covered_lines": 1, "num_statements": 1, "percent_covered": 100.0, "percent_covered_display": "100", "missing_lines": 0, "excluded_lines": 0, "percent_statements_covered": 100.0, "percent_statements_covered_display": "100"}, "missing_lines": [], "excluded_lines": [], "start_line": 47}, "LogfileHandler.__exit__": {"executed_lines": [51], "summary": {"covered_lines": 1, "num_statements": 1, "percent_covered": 100.0, "percent_covered_display": "100", "missing_lines": 0, "excluded_lines": 0, "percent_statements_covered": 100.0, "percent_statements_covered_display": "100"}, "missing_lines": [], "excluded_lines": [], "start_line": 50}, "task": {"executed_lines": [57, 58, 59, 60, 112], "summary": {"covered_lines": 5, "num_statements": 5, "percent_covered": 100.0, "percent_covered_display": "100", "missing_lines": 0, "excluded_lines": 0, "percent_statements_covered": 100.0, "percent_statements_covered_display": "100"}, "missing_lines": [], "excluded_lines": [], "start_line": 56}, "task._task": {"executed_lines": [61, 110, 111], "summary": {"covered_lines": 3, "num_statements": 3, "percent_covered": 100.0, "percent_covered_display": "100", "missing_lines": 0, "excluded_lines": 0, "percent_statements_covered": 100.0, "percent_statements_covered_display": "100"}, "missing_lines": [], "excluded_lines": [], "start_line": 59}, "task._task.task_wrapper": {"executed_lines": [63, 64, 65, 66, 75, 80, 81, 82, 83, 85, 86, 87, 88, 90, 94, 95, 96, 97, 105, 106, 107, 109], "summary": {"covered_lines": 22, "num_statements": 36, "percent_covered": 61.111111111111114, "percent_covered_display": "61", "missing_lines": 14, "excluded_lines": 0, "percent_statements_covered": 61.111111111111114, "percent_statements_covered_display": "61"}, "missing_lines": [67, 68, 69, 70, 71, 72, 92, 98, 99, 100, 101, 102, 103, 108], "excluded_lines": [], "start_line": 61}, "_check_varied_parameters_match": {"executed_lines": [117, 118, 119], "summary": {"covered_lines": 3, "num_statements": 4, "percent_covered": 75.0, "percent_covered_display": "75", "missing_lines": 1, "excluded_lines": 0, "percent_statements_covered": 75.0, "percent_statements_covered_display": "75"}, "missing_lines": [120], "excluded_lines": [], "start_line": 115}, "find_mode": {"executed_lines": [154, 157, 160, 163, 166, 169, 172, 175, 178, 182, 184, 185, 186, 187, 189, 190, 197, 214, 230, 231, 233, 234, 235, 237, 238, 239, 240, 241, 242, 243, 244, 245, 246, 248, 249, 250, 251, 252, 253, 254, 255, 256, 257, 258, 259, 260, 261, 263, 272, 275, 277], "summary": {"covered_lines": 51, "num_statements": 96, "percent_covered": 53.125, "percent_covered_display": "53", "missing_lines": 45, "excluded_lines": 0, "percent_statements_covered": 53.125, "percent_statements_covered_display": "53"}, "missing_lines": [155, 158, 161, 164, 167, 170, 173, 176, 179, 180, 191, 192, 194, 195, 196, 198, 199, 200, 201, 202, 203, 204, 205, 206, 207, 208, 209, 211, 212, 213, 215, 216, 217, 218, 219, 220, 221, 222, 223, 224, 226, 227, 228, 232, 273], "excluded_lines": [], "start_line": 124}, "sample_mcmc": {"executed_lines": [309, 311, 312, 313, 314, 315, 320, 321], "summary": {"covered_lines": 8, "num_statements": 12, "percent_covered": 66.66666666666667, "percent_covered_display": "67", "missing_lines": 4, "excluded_lines": 0, "percent_statements_covered": 66.66666666666667, "percent_statements_covered_display": "67"}, "missing_lines": [316, 317, 318, 319], "excluded_lines": [], "start_line": 281}, "sample_prior": {"executed_lines": [], "summary": {"covered_lines": 0, "num_statements": 8, "percent_covered": 0.0, "percent_covered_display": "0", "missing_lines": 8, "excluded_lines": 0, "percent_statements_covered": 0.0, "percent_statements_covered_display": "0"}, "missing_lines": [342, 343, 344, 345, 346, 347, 348, 349], "excluded_lines": [], "start_line": 324}, "find_clusters": {"executed_lines": [370, 371, 372, 373, 374, 375, 377, 380, 381, 382, 383], "summary": {"covered_lines": 11, "num_statements": 11, "percent_covered": 100.0, "percent_covered_display": "100", "missing_lines": 0, "excluded_lines": 0, "percent_statements_covered": 100.0, "percent_statements_covered_display": "100"}, "missing_lines": [], "excluded_lines": [], "start_line": 352}, "mixture_product": {"executed_lines": [], "summary": {"covered_lines": 0, "num_statements": 5, "percent_covered": 0.0, "percent_covered_display": "0", "missing_lines": 5, "excluded_lines": 0, "percent_statements_covered": 0.0, "percent_statements_covered_display": "0"}, "missing_lines": [402, 403, 404, 405, 406], "excluded_lines": [], "start_line": 387}, "sample_pmc": {"executed_lines": [457, 458, 459, 460, 461, 470, 475, 479, 481, 483, 484], "summary": {"covered_lines": 11, "num_statements": 19, "percent_covered": 57.89473684210526, "percent_covered_display": "58", "missing_lines": 8, "excluded_lines": 0, "percent_statements_covered": 57.89473684210526, "percent_statements_covered_display": "58"}, "missing_lines": [462, 463, 464, 465, 466, 468, 476, 477], "excluded_lines": [], "start_line": 410}, "predict_observables": {"executed_lines": [510, 511, 512, 513, 514, 516, 518, 521, 522, 524, 525, 526, 530, 531, 532, 533, 534, 535, 536, 537, 538, 539, 543, 544, 547, 549, 550, 554, 555, 556], "summary": {"covered_lines": 30, "num_statements": 41, "percent_covered": 73.17073170731707, "percent_covered_display": "73", "missing_lines": 11, "excluded_lines": 0, "percent_statements_covered": 73.17073170731707, "percent_statements_covered_display": "73"}, "missing_lines": [517, 519, 527, 528, 540, 541, 542, 545, 546, 551, 552], "excluded_lines": [], "start_line": 488}, "run": {"executed_lines": [580, 581, 585, 586, 590, 591, 593], "summary": {"covered_lines": 7, "num_statements": 11, "percent_covered": 63.63636363636363, "percent_covered_display": "64", "missing_lines": 4, "excluded_lines": 0, "percent_statements_covered": 63.63636363636363, "percent_statements_covered_display": "64"}, "missing_lines": [582, 583, 587, 588], "excluded_lines": [], "start_line": 561}, "DynestyResultLogger.__init__": {"executed_lines": [598], "summary": {"covered_lines": 1, "num_statements": 1, "percent_covered": 100.0, "percent_covered_display": "100", "missing_lines": 0, "excluded_lines": 0, "percent_statements_covered": 100.0, "percent_statements_covered_display": "100"}, "missing_lines": [], "excluded_lines": [], "start_line": 597}, "DynestyResultLogger.print_function": {"executed_lines": [601, 602, 604, 605], "summary": {"covered_lines": 4, "num_statements": 4, "percent_covered": 100.0, "percent_covered_display": "100", "missing_lines": 0, "excluded_lines": 0, "percent_statements_covered": 100.0, "percent_statements_covered_display": "100"}, "missing_lines": [], "excluded_lines": [], "start_line": 600}, "sample_nested": {"executed_lines": [638, 639, 640, 641, 642, 643, 644, 645, 646, 647, 648], "summary": {"covered_lines": 11, "num_statements": 11, "percent_covered": 100.0, "percent_covered_display": "100", "missing_lines": 0, "excluded_lines": 0, "percent_statements_covered": 100.0, "percent_statements_covered_display": "100"}, "missing_lines": [], "excluded_lines": [], "start_line": 610}, "_get_modes": {"executed_lines": [], "summary": {"covered_lines": 0, "num_statements": 7, "percent_covered": 0.0, "percent_covered_display": "0", "missing_lines": 7, "excluded_lines": 0, "percent_statements_covered": 0.0, "percent_statements_covered_display": "0"}, "missing_lines": [653, 654, 656, 657, 658, 659, 661], "excluded_lines": [], "start_line": 652}, "_get_references": {"executed_lines": [], "summary": {"covered_lines": 0, "num_statements": 14, "percent_covered": 0.0, "percent_covered_display": "0", "missing_lines": 14, "excluded_lines": 0, "percent_statements_covered": 0.0, "percent_statements_covered_display": "0"}, "missing_lines": [664, 665, 666, 667, 668, 669, 670, 671, 673, 674, 675, 676, 678, 679], "excluded_lines": [], "start_line": 663}, "report": {"executed_lines": [], "summary": {"covered_lines": 0, "num_statements": 23, "percent_covered": 0.0, "percent_covered_display": "0", "missing_lines": 23, "excluded_lines": 0, "percent_statements_covered": 0.0, "percent_statements_covered_display": "0"}, "missing_lines": [699, 701, 703, 705, 706, 707, 709, 711, 712, 713, 715, 721, 722, 734, 735, 737, 738, 739, 741, 743, 745, 747, 760], "excluded_lines": [], "start_line": 683}, "draw_figure": {"executed_lines": [780, 783, 786, 787, 788, 791, 792, 793, 794, 795, 796, 797], "summary": {"covered_lines": 12, "num_statements": 15, "percent_covered": 80.0, "percent_covered_display": "80", "missing_lines": 3, "excluded_lines": 0, "percent_statements_covered": 80.0, "percent_statements_covered_display": "80"}, "missing_lines": [781, 784, 789], "excluded_lines": [], "start_line": 765}, "corner_plot": {"executed_lines": [], "summary": {"covered_lines": 0, "num_statements": 63, "percent_covered": 0.0, "percent_covered_display": "0", "missing_lines": 63, "excluded_lines": 0, "percent_statements_covered": 0.0, "percent_statements_covered_display": "0"}, "missing_lines": [826, 828, 830, 831, 832, 833, 836, 837, 838, 839, 841, 842, 843, 844, 845, 847, 849, 850, 851, 854, 857, 858, 859, 861, 862, 863, 864, 866, 868, 870, 871, 873, 874, 875, 876, 877, 878, 879, 881, 883, 884, 886, 887, 889, 892, 893, 895, 896, 897, 898, 899, 900, 901, 902, 904, 906, 907, 908, 909, 910, 911, 912, 913], "excluded_lines": [], "start_line": 802}, "validate": {"executed_lines": [], "summary": {"covered_lines": 0, "num_statements": 1, "percent_covered": 0.0, "percent_covered_display": "0", "missing_lines": 1, "excluded_lines": 0, "percent_statements_covered": 0.0, "percent_statements_covered_display": "0"}, "missing_lines": [924], "excluded_lines": [], "start_line": 917}, "_calculate_mask": {"executed_lines": [], "summary": {"covered_lines": 0, "num_statements": 18, "percent_covered": 0.0, "percent_covered_display": "0", "missing_lines": 18, "excluded_lines": 0, "percent_statements_covered": 0.0, "percent_statements_covered_display": "0"}, "missing_lines": [928, 929, 930, 931, 932, 934, 935, 936, 937, 938, 939, 940, 941, 942, 943, 944, 945, 946], "excluded_lines": [], "start_line": 927}, "create_mask": {"executed_lines": [], "summary": {"covered_lines": 0, "num_statements": 22, "percent_covered": 0.0, "percent_covered_display": "0", "missing_lines": 22, "excluded_lines": 0, "percent_statements_covered": 0.0, "percent_statements_covered_display": "0"}, "missing_lines": [951, 952, 953, 954, 956, 957, 958, 959, 960, 961, 963, 964, 965, 966, 967, 968, 969, 970, 971, 972, 973, 974], "excluded_lines": [], "start_line": 950}, "list_figures": {"executed_lines": [], "summary": {"covered_lines": 0, "num_statements": 1, "percent_covered": 0.0, "percent_covered_display": "0", "missing_lines": 1, "excluded_lines": 0, "percent_statements_covered": 0.0, "percent_statements_covered_display": "0"}, "missing_lines": [985], "excluded_lines": [], "start_line": 978}, "list_steps": {"executed_lines": [], "summary": {"covered_lines": 0, "num_statements": 1, "percent_covered": 0.0, "percent_covered_display": "0", "missing_lines": 1, "excluded_lines": 0, "percent_statements_covered": 0.0, "percent_statements_covered_display": "0"}, "missing_lines": [996], "excluded_lines": [], "start_line": 989}, "list_step_dependencies": {"executed_lines": [], "summary": {"covered_lines": 0, "num_statements": 4, "percent_covered": 0.0, "percent_covered_display": "0", "missing_lines": 4, "excluded_lines": 0, "percent_statements_covered": 0.0, "percent_statements_covered_display": "0"}, "missing_lines": [1009, 1011, 1012, 1014], "excluded_lines": [], "start_line": 1000}, "": {"executed_lines": [19, 20, 21, 22, 23, 24, 25, 26, 27, 28, 29, 30, 31, 32, 34, 35, 37, 38, 47, 50, 54, 56, 115, 123, 124, 280, 281, 323, 324, 351, 352, 386, 387, 409, 410, 487, 488, 560, 561, 596, 597, 600, 609, 610, 652, 663, 682, 683, 764, 765, 801, 802, 916, 917, 927, 949, 950, 977, 978, 988, 989, 999, 1000], "summary": {"covered_lines": 63, "num_statements": 63, "percent_covered": 100.0, "percent_covered_display": "100", "missing_lines": 0, "excluded_lines": 0, "percent_statements_covered": 100.0, "percent_statements_covered_display": "100"}, "missing_lines": [], "excluded_lines": [], "start_line": 1}}, "classes": {"LogfileHandler": {"executed_lines": [39, 40, 41, 42, 43, 44, 45, 48, 51], "summary": {"covered_lines": 9, "num_statements": 9, "percent_covered": 100.0, "percent_covered_display": "100", "missing_lines": 0, "excluded_lines": 0, "percent_statements_covered": 100.0, "percent_statements_covered_display": "100"}, "missing_lines": [], "excluded_lines": [], "start_line": 37}, "DynestyResultLogger": {"executed_lines": [598, 601, 602, 604, 605], "summary": {"covered_lines": 5, "num_statements": 5, "percent_covered": 100.0, "percent_covered_display": "100", "missing_lines": 0, "excluded_lines": 0, "percent_statements_covered": 100.0, "percent_statements_covered_display": "100"}, "missing_lines": [], "excluded_lines": [], "start_line": 596}, "": {"executed_lines": [19, 20, 21, 22, 23, 24, 25, 26, 27, 28, 29, 30, 31, 32, 34, 35, 37, 38, 47, 50, 54, 56, 57, 58, 59, 60, 61, 63, 64, 65, 66, 75, 80, 81, 82, 83, 85, 86, 87, 88, 90, 94, 95, 96, 97, 105, 106, 107, 109, 110, 111, 112, 115, 117, 118, 119, 123, 124, 154, 157, 160, 163, 166, 169, 172, 175, 178, 182, 184, 185, 186, 187, 189, 190, 197, 214, 230, 231, 233, 234, 235, 237, 238, 239, 240, 241, 242, 243, 244, 245, 246, 248, 249, 250, 251, 252, 253, 254, 255, 256, 257, 258, 259, 260, 261, 263, 272, 275, 277, 280, 281, 309, 311, 312, 313, 314, 315, 320, 321, 323, 324, 351, 352, 370, 371, 372, 373, 374, 375, 377, 380, 381, 382, 383, 386, 387, 409, 410, 457, 458, 459, 460, 461, 470, 475, 479, 481, 483, 484, 487, 488, 510, 511, 512, 513, 514, 516, 518, 521, 522, 524, 525, 526, 530, 531, 532, 533, 534, 535, 536, 537, 538, 539, 543, 544, 547, 549, 550, 554, 555, 556, 560, 561, 580, 581, 585, 586, 590, 591, 593, 596, 597, 600, 609, 610, 638, 639, 640, 641, 642, 643, 644, 645, 646, 647, 648, 652, 663, 682, 683, 764, 765, 780, 783, 786, 787, 788, 791, 792, 793, 794, 795, 796, 797, 801, 802, 916, 917, 927, 949, 950, 977, 978, 988, 989, 999, 1000], "summary": {"covered_lines": 237, "num_statements": 494, "percent_covered": 47.97570850202429, "percent_covered_display": "48", "missing_lines": 257, "excluded_lines": 0, "percent_statements_covered": 47.97570850202429, "percent_statements_covered_display": "48"}, "missing_lines": [67, 68, 69, 70, 71, 72, 92, 98, 99, 100, 101, 102, 103, 108, 120, 155, 158, 161, 164, 167, 170, 173, 176, 179, 180, 191, 192, 194, 195, 196, 198, 199, 200, 201, 202, 203, 204, 205, 206, 207, 208, 209, 211, 212, 213, 215, 216, 217, 218, 219, 220, 221, 222, 223, 224, 226, 227, 228, 232, 273, 316, 317, 318, 319, 342, 343, 344, 345, 346, 347, 348, 349, 402, 403, 404, 405, 406, 462, 463, 464, 465, 466, 468, 476, 477, 517, 519, 527, 528, 540, 541, 542, 545, 546, 551, 552, 582, 583, 587, 588, 653, 654, 656, 657, 658, 659, 661, 664, 665, 666, 667, 668, 669, 670, 671, 673, 674, 675, 676, 678, 679, 699, 701, 703, 705, 706, 707, 709, 711, 712, 713, 715, 721, 722, 734, 735, 737, 738, 739, 741, 743, 745, 747, 760, 781, 784, 789, 826, 828, 830, 831, 832, 833, 836, 837, 838, 839, 841, 842, 843, 844, 845, 847, 849, 850, 851, 854, 857, 858, 859, 861, 862, 863, 864, 866, 868, 870, 871, 873, 874, 875, 876, 877, 878, 879, 881, 883, 884, 886, 887, 889, 892, 893, 895, 896, 897, 898, 899, 900, 901, 902, 904, 906, 907, 908, 909, 910, 911, 912, 913, 924, 928, 929, 930, 931, 932, 934, 935, 936, 937, 938, 939, 940, 941, 942, 943, 944, 945, 946, 951, 952, 953, 954, 956, 957, 958, 959, 960, 961, 963, 964, 965, 966, 967, 968, 969, 970, 971, 972, 973, 974, 985, 996, 1009, 1011, 1012, 1014], "excluded_lines": [], "start_line": 1}}}, "_src/python/eos/tasks_TEST.py": {"executed_lines": [], "summary": {"covered_lines": 0, "num_statements": 12, "percent_covered": 0.0, "percent_covered_display": "0", "missing_lines": 12, "excluded_lines": 0, "percent_statements_covered": 0.0, "percent_statements_covered_display": "0"}, "missing_lines": [1, 2, 3, 5, 7, 9, 10, 12, 13, 14, 17, 18], "excluded_lines": [], "functions": {"ClassMethodTests.test_validate_task": {"executed_lines": [], "summary": {"covered_lines": 0, "num_statements": 1, "percent_covered": 0.0, "percent_covered_display": "0", "missing_lines": 1, "excluded_lines": 0, "percent_statements_covered": 0.0, "percent_statements_covered_display": "0"}, "missing_lines": [10], "excluded_lines": [], "start_line": 9}, "ClassMethodTests.test_list_steps_task": {"executed_lines": [], "summary": {"covered_lines": 0, "num_statements": 2, "percent_covered": 0.0, "percent_covered_display": "0", "missing_lines": 2, "excluded_lines": 0, "percent_statements_covered": 0.0, "percent_statements_covered_display": "0"}, "missing_lines": [13, 14], "excluded_lines": [], "start_line": 12}, "": {"executed_lines": [], "summary": {"covered_lines": 0, "num_statements": 9, "percent_covered": 0.0, "percent_covered_display": "0", "missing_lines": 9, "excluded_lines": 0, "percent_statements_covered": 0.0, "percent_statements_covered_display": "0"}, "missing_lines": [1, 2, 3, 5, 7, 9, 12, 17, 18], "excluded_lines": [], "start_line": 1}}, "classes": {"ClassMethodTests": {"executed_lines": [], "summary": {"covered_lines": 0, "num_statements": 3, "percent_covered": 0.0, "percent_covered_display": "0", "missing_lines": 3, "excluded_lines": 0, "percent_statements_covered": 0.0, "percent_statements_covered_display": "0"}, "missing_lines": [10, 13, 14], "excluded_lines": [], "start_line": 5}, "": {"executed_lines": [], "summary": {"covered_lines": 0, "num_statements": 9, "percent_covered": 0.0, "percent_covered_display": "0", "missing_lines": 9, "excluded_lines": 0, "percent_statements_covered": 0.0, "percent_statements_covered_display": "0"}, "missing_lines": [1, 2, 3, 5, 7, 9, 12, 17, 18], "excluded_lines": [], "start_line": 1}}}}, "totals": {"covered_lines": 1981, "num_statements": 5805, "percent_covered": 34.12575366063738, "percent_covered_display": "34", "missing_lines": 3824, "excluded_lines": 0, "percent_statements_covered": 34.12575366063738, "percent_statements_covered_display": "34"}}